2020-05-29 08:31:28 INFO  TestBase:27 - Initiate Browser
2020-05-29 08:31:39 INFO  TestBase:33 - Browser Initiated
2020-05-29 08:31:39 INFO  TestBase:43 - Test name: HrmLoginTest
2020-05-29 08:31:39 INFO  TestBase:55 - Executed test case name:HrmLoginTest Execution Results : [TestResult name=HrmLoginTest status=FAILURE method=LoginTest.HrmLoginTest()[pri:1, instance:com.test.qa.test.LoginTest@1c3a4799] output={null}]
2020-05-29 08:31:39 INFO  TestBase:48 - Closing Browser
2020-05-29 08:31:40 INFO  TestBase:50 - Browser Closed
2020-05-29 08:32:14 INFO  TestBase:27 - Initiate Browser
2020-05-29 08:32:21 INFO  TestBase:33 - Browser Initiated
2020-05-29 08:32:21 INFO  TestBase:43 - Test name: HrmLoginTest
2020-05-29 08:32:21 INFO  TestBase:55 - Executed test case name:HrmLoginTest Execution Results : [TestResult name=HrmLoginTest status=FAILURE method=LoginTest.HrmLoginTest()[pri:1, instance:com.test.qa.test.LoginTest@3fd7a715] output={null}]
2020-05-29 08:32:21 INFO  TestBase:48 - Closing Browser
2020-05-29 08:32:22 INFO  TestBase:50 - Browser Closed
2020-05-29 08:32:47 INFO  TestBase:27 - Initiate Browser
2020-05-29 08:32:53 INFO  TestBase:33 - Browser Initiated
2020-05-29 08:32:53 INFO  TestBase:43 - Test name: HrmLoginTest
2020-05-29 08:33:02 INFO  TestBase:55 - Executed test case name:HrmLoginTest Execution Results : [TestResult name=HrmLoginTest status=SUCCESS method=LoginTest.HrmLoginTest()[pri:1, instance:com.test.qa.test.LoginTest@3fd7a715] output={null}]
2020-05-29 08:33:02 INFO  TestBase:48 - Closing Browser
2020-05-29 08:33:03 INFO  TestBase:50 - Browser Closed
2020-05-29 08:34:24 INFO  TestBase:27 - Initiate Browser
2020-05-29 08:34:31 INFO  TestBase:33 - Browser Initiated
2020-05-29 08:34:31 INFO  TestBase:43 - Test name: HrmLoginTest
2020-05-29 08:34:38 INFO  TestBase:55 - Executed test case name:HrmLoginTest Execution Results : [TestResult name=HrmLoginTest status=SUCCESS method=LoginTest.HrmLoginTest()[pri:1, instance:com.test.qa.test.LoginTest@694e1548] output={null}]
2020-05-29 08:34:38 INFO  TestBase:48 - Closing Browser
2020-05-29 08:34:39 INFO  TestBase:50 - Browser Closed
2020-05-29 08:37:14 INFO  TestBase:27 - Initiate Browser
2020-05-29 08:37:20 INFO  TestBase:33 - Browser Initiated
2020-05-29 08:37:20 INFO  TestBase:43 - Test name: HrmLoginTest
2020-05-29 08:37:28 INFO  TestBase:55 - Executed test case name:HrmLoginTest Execution Results : [TestResult name=HrmLoginTest status=SUCCESS method=LoginTest.HrmLoginTest()[pri:1, instance:com.test.qa.test.LoginTest@6a79c292] output={null}]
2020-05-29 08:37:28 INFO  TestBase:48 - Closing Browser
2020-05-29 08:37:30 INFO  TestBase:50 - Browser Closed
2020-06-11 11:20:21 INFO  TestBase:27 - Initiate Browser
2020-06-11 11:20:42 INFO  TestBase:33 - Browser Initiated
2020-06-11 11:20:42 INFO  TestBase:43 - Test name: HrmLoginTest
2020-06-11 11:20:42 INFO  TestBase:55 - Executed test case name:HrmLoginTest Execution Results : [TestResult name=HrmLoginTest status=FAILURE method=LoginTest.HrmLoginTest()[pri:1, instance:com.test.qa.test.LoginTest@76707e36] output={null}]
2020-06-11 11:20:42 INFO  TestBase:48 - Closing Browser
2020-06-11 11:20:43 INFO  TestBase:50 - Browser Closed
2020-06-11 11:22:56 INFO  TestBase:27 - Initiate Browser
2020-06-11 11:23:16 INFO  TestBase:33 - Browser Initiated
2020-06-11 11:23:16 INFO  TestBase:43 - Test name: HrmLoginTest
2020-06-11 11:23:17 INFO  TestBase:55 - Executed test case name:HrmLoginTest Execution Results : [TestResult name=HrmLoginTest status=SUCCESS method=LoginTest.HrmLoginTest()[pri:1, instance:com.test.qa.test.LoginTest@694e1548] output={null}]
2020-06-11 11:23:17 INFO  TestBase:48 - Closing Browser
2020-06-11 11:23:18 INFO  TestBase:50 - Browser Closed
2020-06-11 15:00:15 INFO  TestBase:27 - Initiate Browser
2020-06-11 15:00:19 INFO  TestBase:33 - Browser Initiated
2020-06-11 15:00:19 INFO  TestBase:43 - Test name: HrmLoginTest
2020-06-11 15:00:20 INFO  TestBase:55 - Executed test case name:HrmLoginTest Execution Results : [TestResult name=HrmLoginTest status=SUCCESS method=LoginTest.HrmLoginTest()[pri:1, instance:com.test.qa.test.LoginTest@3fd7a715] output={null}]
2020-06-11 15:00:20 INFO  TestBase:48 - Closing Browser
2020-06-11 15:00:21 INFO  TestBase:50 - Browser Closed
2020-06-12 09:50:31 INFO  TestBase:27 - Initiate Browser
2020-06-12 09:50:39 INFO  TestBase:33 - Browser Initiated
2020-06-12 09:50:39 INFO  TestBase:43 - Test name: HrmLoginTest
2020-06-12 09:50:40 INFO  TestBase:55 - Executed test case name:HrmLoginTest Execution Results : [TestResult name=HrmLoginTest status=SUCCESS method=LoginTest.HrmLoginTest()[pri:1, instance:com.test.qa.test.LoginTest@64729b1e] output={null}]
2020-06-12 09:50:40 INFO  TestBase:48 - Closing Browser
2020-06-12 09:50:41 INFO  TestBase:50 - Browser Closed
2020-06-12 10:05:18 INFO  TestBase:27 - Initiate Browser
2020-06-12 10:05:26 INFO  TestBase:33 - Browser Initiated
2020-06-12 10:05:26 INFO  TestBase:43 - Test name: HrmLoginTest
2020-06-12 10:05:26 INFO  TestBase:55 - Executed test case name:HrmLoginTest Execution Results : [TestResult name=HrmLoginTest status=SUCCESS method=LoginTest.HrmLoginTest()[pri:1, instance:com.test.qa.test.LoginTest@5a1c0542] output={null}]
2020-06-12 10:05:26 INFO  TestBase:48 - Closing Browser
2020-06-12 10:05:27 INFO  TestBase:50 - Browser Closed
2020-06-12 10:07:02 INFO  TestBase:27 - Initiate Browser
2020-06-12 10:07:10 INFO  TestBase:33 - Browser Initiated
2020-06-12 10:07:10 INFO  TestBase:43 - Test name: HrmLoginTest
2020-06-12 10:07:16 INFO  TestBase:55 - Executed test case name:HrmLoginTest Execution Results : [TestResult name=HrmLoginTest status=SUCCESS method=LoginTest.HrmLoginTest()[pri:1, instance:com.test.qa.test.LoginTest@30c15d8b] output={null}]
2020-06-12 10:07:16 INFO  TestBase:48 - Closing Browser
2020-06-12 10:07:17 INFO  TestBase:50 - Browser Closed
2020-06-12 11:04:20 INFO  TestBase:27 - Initiate Browser
2020-06-12 11:04:45 INFO  TestBase:43 - Test name: HrmLoginTest
2020-06-12 11:04:45 INFO  TestBase:55 - Executed test case name:HrmLoginTest Execution Results : [TestResult name={null} status=CREATED method=LoginTest.HrmLoginTest()[pri:1, instance:com.test.qa.test.LoginTest@7494e528] output={null}]
2020-06-12 11:04:45 INFO  TestBase:48 - Closing Browser
2020-06-12 11:06:56 INFO  TestBase:27 - Initiate Browser
2020-06-12 11:08:08 INFO  TestBase:27 - Initiate Browser
2020-06-12 11:08:51 INFO  TestBase:33 - Browser Initiated
2020-06-12 11:08:51 INFO  TestBase:43 - Test name: HrmLoginTest
2020-06-12 11:08:51 INFO  TestBase:55 - Executed test case name:HrmLoginTest Execution Results : [TestResult name=HrmLoginTest status=FAILURE method=LoginTest.HrmLoginTest()[pri:1, instance:com.test.qa.test.LoginTest@6c49835d] output={null}]
2020-06-12 11:08:51 INFO  TestBase:48 - Closing Browser
2020-06-12 11:08:56 INFO  TestBase:50 - Browser Closed
2020-06-12 11:19:15 INFO  TestBase:27 - Initiate Browser
2020-06-12 11:19:39 INFO  TestBase:33 - Browser Initiated
2020-06-12 11:19:39 INFO  TestBase:43 - Test name: HrmLoginTest
2020-06-12 11:19:39 INFO  TestBase:55 - Executed test case name:HrmLoginTest Execution Results : [TestResult name=HrmLoginTest status=FAILURE method=LoginTest.HrmLoginTest()[pri:1, instance:com.test.qa.test.LoginTest@7c29daf3] output={null}]
2020-06-12 11:19:39 INFO  TestBase:48 - Closing Browser
2020-06-12 11:19:41 INFO  TestBase:50 - Browser Closed
2020-06-12 11:21:57 INFO  TestBase:27 - Initiate Browser
2020-06-12 11:22:17 INFO  TestBase:33 - Browser Initiated
2020-06-12 11:22:17 INFO  TestBase:43 - Test name: HrmLoginTest
2020-06-12 11:23:28 INFO  TestBase:55 - Executed test case name:HrmLoginTest Execution Results : [TestResult name=HrmLoginTest status=FAILURE method=LoginTest.HrmLoginTest()[pri:1, instance:com.test.qa.test.LoginTest@7c29daf3] output={null}]
2020-06-12 11:23:28 INFO  TestBase:48 - Closing Browser
2020-06-12 11:23:44 INFO  TestBase:50 - Browser Closed
2020-06-12 11:28:47 INFO  TestBase:27 - Initiate Browser
2020-06-12 11:29:17 INFO  TestBase:33 - Browser Initiated
2020-06-12 11:29:17 INFO  TestBase:43 - Test name: HrmLoginTest
2020-06-12 11:29:19 INFO  TestBase:55 - Executed test case name:HrmLoginTest Execution Results : [TestResult name=HrmLoginTest status=FAILURE method=LoginTest.HrmLoginTest()[pri:1, instance:com.test.qa.test.LoginTest@7c29daf3] output={null}]
2020-06-12 11:29:19 INFO  TestBase:48 - Closing Browser
2020-06-12 11:29:22 INFO  TestBase:50 - Browser Closed
2020-06-12 11:32:56 INFO  TestBase:27 - Initiate Browser
2020-06-12 11:33:15 INFO  TestBase:33 - Browser Initiated
2020-06-12 11:33:15 INFO  TestBase:43 - Test name: HrmLoginTest
2020-06-12 11:33:17 INFO  TestBase:55 - Executed test case name:HrmLoginTest Execution Results : [TestResult name=HrmLoginTest status=SUCCESS method=LoginTest.HrmLoginTest()[pri:1, instance:com.test.qa.test.LoginTest@7c29daf3] output={null}]
2020-06-12 11:33:17 INFO  TestBase:48 - Closing Browser
2020-06-12 11:33:20 INFO  TestBase:50 - Browser Closed
2020-06-12 11:34:04 INFO  TestBase:27 - Initiate Browser
2020-06-12 11:34:21 INFO  TestBase:33 - Browser Initiated
2020-06-12 11:34:21 INFO  TestBase:43 - Test name: HrmLoginTest
2020-06-12 11:34:22 INFO  TestBase:55 - Executed test case name:HrmLoginTest Execution Results : [TestResult name=HrmLoginTest status=SUCCESS method=LoginTest.HrmLoginTest()[pri:1, instance:com.test.qa.test.LoginTest@7494e528] output={null}]
2020-06-12 11:34:22 INFO  TestBase:48 - Closing Browser
2020-06-12 11:34:25 INFO  TestBase:50 - Browser Closed
2020-06-12 11:34:39 INFO  TestBase:27 - Initiate Browser
2020-06-12 11:34:56 INFO  TestBase:33 - Browser Initiated
2020-06-12 11:34:56 INFO  TestBase:43 - Test name: HrmLoginTest
2020-06-12 11:34:57 INFO  TestBase:55 - Executed test case name:HrmLoginTest Execution Results : [TestResult name=HrmLoginTest status=SUCCESS method=LoginTest.HrmLoginTest()[pri:1, instance:com.test.qa.test.LoginTest@7c29daf3] output={null}]
2020-06-12 11:34:57 INFO  TestBase:48 - Closing Browser
2020-06-12 11:35:00 INFO  TestBase:50 - Browser Closed
2020-06-12 11:35:11 INFO  TestBase:27 - Initiate Browser
2020-06-12 11:35:29 INFO  TestBase:33 - Browser Initiated
2020-06-12 11:35:29 INFO  TestBase:43 - Test name: HrmLoginTest
2020-06-12 11:35:29 INFO  TestBase:55 - Executed test case name:HrmLoginTest Execution Results : [TestResult name=HrmLoginTest status=SUCCESS method=LoginTest.HrmLoginTest()[pri:1, instance:com.test.qa.test.LoginTest@7c29daf3] output={null}]
2020-06-12 11:35:29 INFO  TestBase:48 - Closing Browser
2020-06-12 11:35:32 INFO  TestBase:50 - Browser Closed
2020-06-12 11:37:39 INFO  TestBase:27 - Initiate Browser
2020-06-12 11:38:03 INFO  TestBase:33 - Browser Initiated
2020-06-12 11:38:03 INFO  TestBase:43 - Test name: HrmLoginTest
2020-06-12 11:38:03 INFO  TestBase:55 - Executed test case name:HrmLoginTest Execution Results : [TestResult name=HrmLoginTest status=FAILURE method=LoginTest.HrmLoginTest()[pri:1, instance:com.test.qa.test.LoginTest@7c29daf3] output={null}]
2020-06-12 11:38:03 INFO  TestBase:48 - Closing Browser
2020-06-12 11:38:06 INFO  TestBase:50 - Browser Closed
2020-06-12 11:39:08 INFO  TestBase:27 - Initiate Browser
2020-06-12 11:39:25 INFO  TestBase:33 - Browser Initiated
2020-06-12 11:39:25 INFO  TestBase:43 - Test name: HrmLoginTest
2020-06-12 11:39:26 INFO  TestBase:55 - Executed test case name:HrmLoginTest Execution Results : [TestResult name=HrmLoginTest status=FAILURE method=LoginTest.HrmLoginTest()[pri:1, instance:com.test.qa.test.LoginTest@7c29daf3] output={null}]
2020-06-12 11:39:26 INFO  TestBase:48 - Closing Browser
2020-06-12 11:39:26 INFO  TestBase:50 - Browser Closed
2020-06-12 11:42:31 INFO  TestBase:27 - Initiate Browser
2020-06-12 11:43:05 INFO  TestBase:33 - Browser Initiated
2020-06-12 11:43:05 INFO  TestBase:43 - Test name: HrmLoginTest
2020-06-12 11:43:06 INFO  TestBase:55 - Executed test case name:HrmLoginTest Execution Results : [TestResult name=HrmLoginTest status=SUCCESS method=LoginTest.HrmLoginTest()[pri:1, instance:com.test.qa.test.LoginTest@7494e528] output={null}]
2020-06-12 11:43:06 INFO  TestBase:48 - Closing Browser
2020-06-12 11:43:06 INFO  TestBase:50 - Browser Closed
2020-06-12 11:49:08 INFO  TestBase:27 - Initiate Browser
2020-06-12 11:49:33 INFO  TestBase:33 - Browser Initiated
2020-06-12 11:49:33 INFO  TestBase:43 - Test name: HrmLoginTest
2020-06-12 11:49:34 INFO  TestBase:55 - Executed test case name:HrmLoginTest Execution Results : [TestResult name=HrmLoginTest status=SUCCESS method=LoginTest.HrmLoginTest()[pri:1, instance:com.test.qa.test.LoginTest@7494e528] output={null}]
2020-06-12 11:49:34 INFO  TestBase:48 - Closing Browser
2020-06-12 11:49:34 INFO  TestBase:50 - Browser Closed
2020-06-12 12:11:00 INFO  TestBase:27 - Initiate Browser
2020-06-12 12:11:25 INFO  TestBase:33 - Browser Initiated
2020-06-12 12:11:25 INFO  TestBase:43 - Test name: HrmLoginTest
2020-06-12 12:11:28 INFO  TestBase:55 - Executed test case name:HrmLoginTest Execution Results : [TestResult name=HrmLoginTest status=SUCCESS method=LoginTest.HrmLoginTest()[pri:1, instance:com.test.qa.test.LoginTest@6c49835d] output={null}]
2020-06-12 12:11:28 INFO  TestBase:48 - Closing Browser
2020-06-12 12:11:28 INFO  TestBase:50 - Browser Closed
2020-06-12 12:17:37 INFO  TestBase:27 - Initiate Browser
2020-06-12 12:17:58 INFO  TestBase:33 - Browser Initiated
2020-06-12 12:17:58 INFO  TestBase:43 - Test name: HrmLoginTest
2020-06-12 12:18:00 INFO  TestBase:55 - Executed test case name:HrmLoginTest Execution Results : [TestResult name=HrmLoginTest status=SUCCESS method=LoginTest.HrmLoginTest()[pri:1, instance:com.test.qa.test.LoginTest@6c49835d] output={null}]
2020-06-12 12:18:00 INFO  TestBase:48 - Closing Browser
2020-06-12 12:18:00 INFO  TestBase:50 - Browser Closed
2020-06-12 12:20:23 INFO  TestBase:27 - Initiate Browser
2020-06-12 12:20:49 INFO  TestBase:33 - Browser Initiated
2020-06-12 12:20:49 INFO  TestBase:43 - Test name: HrmLoginTest
2020-06-12 12:20:51 INFO  TestBase:55 - Executed test case name:HrmLoginTest Execution Results : [TestResult name=HrmLoginTest status=SUCCESS method=LoginTest.HrmLoginTest()[pri:1, instance:com.test.qa.test.LoginTest@7c29daf3] output={null}]
2020-06-12 12:20:51 INFO  TestBase:48 - Closing Browser
2020-06-12 12:20:51 INFO  TestBase:50 - Browser Closed
2020-06-12 12:26:24 INFO  TestBase:27 - Initiate Browser
2020-06-12 12:26:50 INFO  TestBase:33 - Browser Initiated
2020-06-12 12:26:50 INFO  TestBase:43 - Test name: HrmLoginTest
2020-06-12 12:26:59 INFO  TestBase:55 - Executed test case name:HrmLoginTest Execution Results : [TestResult name=HrmLoginTest status=SUCCESS method=LoginTest.HrmLoginTest()[pri:1, instance:com.test.qa.test.LoginTest@7c29daf3] output={null}]
2020-06-12 12:26:59 INFO  TestBase:48 - Closing Browser
2020-06-12 12:26:59 INFO  TestBase:50 - Browser Closed
2020-06-12 14:54:00 INFO  LoginData:21 - row = 6 columns = 2
2020-06-12 14:54:00 INFO  TestBase:27 - Initiate Browser
2020-06-12 14:54:43 INFO  TestBase:33 - Browser Initiated
2020-06-12 14:54:43 INFO  TestBase:43 - Test name: LoginTest
2020-06-12 14:55:02 INFO  TestBase:55 - Executed test case name:LoginTest Execution Results : [TestResult name=LoginTest status=FAILURE method=LoginTest.LoginTest(java.lang.String, java.lang.String)[pri:1, instance:com.test.qa.test.LoginTest@5a8806ef] output={null}]
2020-06-12 14:55:02 INFO  TestBase:48 - Closing Browser
2020-06-12 14:55:02 INFO  TestBase:50 - Browser Closed
2020-06-12 14:55:02 INFO  TestBase:27 - Initiate Browser
2020-06-12 14:56:26 INFO  LoginData:21 - row = 6 columns = 2
2020-06-12 14:56:26 INFO  TestBase:27 - Initiate Browser
2020-06-12 14:56:49 INFO  TestBase:33 - Browser Initiated
2020-06-12 14:56:49 INFO  TestBase:43 - Test name: LoginTest
2020-06-12 14:57:24 INFO  TestBase:55 - Executed test case name:LoginTest Execution Results : [TestResult name=LoginTest status=FAILURE method=LoginTest.LoginTest(java.lang.String, java.lang.String)[pri:1, instance:com.test.qa.test.LoginTest@9660f4e] output={null}]
2020-06-12 14:57:24 INFO  TestBase:48 - Closing Browser
2020-06-12 14:59:46 INFO  LoginData:21 - row = 6 columns = 2
2020-06-12 14:59:46 INFO  TestBase:27 - Initiate Browser
2020-06-12 15:00:06 INFO  TestBase:33 - Browser Initiated
2020-06-12 15:00:06 INFO  TestBase:43 - Test name: LoginTest
2020-06-12 15:00:34 INFO  TestBase:55 - Executed test case name:LoginTest Execution Results : [TestResult name=LoginTest status=FAILURE method=LoginTest.LoginTest(java.lang.String, java.lang.String)[pri:1, instance:com.test.qa.test.LoginTest@7c29daf3] output={null}]
2020-06-12 15:00:34 INFO  TestBase:48 - Closing Browser
2020-06-12 15:17:01 INFO  LoginData:21 - row = 6 columns = 2
2020-06-12 15:17:01 INFO  TestBase:27 - Initiate Browser
2020-06-12 15:17:21 INFO  TestBase:33 - Browser Initiated
2020-06-12 15:17:21 INFO  TestBase:43 - Test name: LoginTest
2020-06-12 15:17:37 INFO  TestBase:55 - Executed test case name:LoginTest Execution Results : [TestResult name=LoginTest status=FAILURE method=LoginTest.LoginTest(java.lang.String, java.lang.String)[pri:1, instance:com.test.qa.test.LoginTest@67205a84] output={null}]
2020-06-12 15:17:37 INFO  TestBase:48 - Closing Browser
2020-06-12 15:17:40 INFO  TestBase:50 - Browser Closed
2020-06-12 15:17:40 INFO  TestBase:27 - Initiate Browser
2020-06-12 15:27:17 INFO  LoginData:21 - row = 6 columns = 2
2020-06-12 15:27:17 INFO  TestBase:27 - Initiate Browser
2020-06-12 15:27:34 INFO  TestBase:33 - Browser Initiated
2020-06-12 15:27:34 INFO  TestBase:43 - Test name: LoginTest
2020-06-12 15:29:35 INFO  LoginData:21 - row = 6 columns = 2
2020-06-12 15:29:35 INFO  TestBase:27 - Initiate Browser
2020-06-12 15:29:54 INFO  TestBase:33 - Browser Initiated
2020-06-12 15:29:54 INFO  TestBase:43 - Test name: LoginTest
2020-06-12 15:31:58 INFO  TestBase:27 - Initiate Browser
2020-06-12 15:32:15 INFO  TestBase:33 - Browser Initiated
2020-06-12 15:32:15 INFO  TestBase:43 - Test name: LoginTest
2020-06-12 15:32:24 INFO  TestBase:55 - Executed test case name:LoginTest Execution Results : [TestResult name=LoginTest status=FAILURE method=LoginTest.LoginTest(java.lang.String, java.lang.String)[pri:1, instance:com.test.qa.test.LoginTest@5a8806ef] output={null}]
2020-06-12 15:32:24 INFO  TestBase:48 - Closing Browser
2020-06-12 15:51:15 INFO  TestBase:27 - Initiate Browser
2020-06-12 15:51:44 INFO  TestBase:33 - Browser Initiated
2020-06-12 15:51:44 INFO  TestBase:43 - Test name: LoginTest
2020-06-12 15:53:24 INFO  TestBase:27 - Initiate Browser
2020-06-12 15:53:45 INFO  TestBase:33 - Browser Initiated
2020-06-12 15:53:45 INFO  TestBase:43 - Test name: LoginTest
2020-06-12 15:59:00 INFO  TestBase:27 - Initiate Browser
2020-06-12 15:59:21 INFO  TestBase:33 - Browser Initiated
2020-06-12 15:59:21 INFO  TestBase:43 - Test name: LoginTest
2020-06-12 15:59:43 INFO  TestBase:55 - Executed test case name:LoginTest Execution Results : [TestResult name=LoginTest status=FAILURE method=LoginTest.LoginTest(java.lang.String, java.lang.String)[pri:1, instance:com.test.qa.test.LoginTest@7c29daf3] output={null}]
2020-06-12 15:59:43 INFO  TestBase:48 - Closing Browser
2020-06-12 15:59:48 INFO  TestBase:50 - Browser Closed
2020-06-12 15:59:48 INFO  TestBase:27 - Initiate Browser
2020-06-12 16:00:03 INFO  TestBase:33 - Browser Initiated
2020-06-12 16:00:03 INFO  TestBase:43 - Test name: LoginTest
2020-06-12 16:00:06 INFO  TestBase:55 - Executed test case name:LoginTest Execution Results : [TestResult name=LoginTest status=SUCCESS method=LoginTest.LoginTest(java.lang.String, java.lang.String)[pri:1, instance:com.test.qa.test.LoginTest@7c29daf3] output={null}]
2020-06-12 16:00:06 INFO  TestBase:48 - Closing Browser
2020-06-12 16:00:09 INFO  TestBase:50 - Browser Closed
2020-06-12 16:00:56 INFO  TestBase:27 - Initiate Browser
2020-06-12 16:01:15 INFO  TestBase:33 - Browser Initiated
2020-06-12 16:01:15 INFO  TestBase:43 - Test name: LoginTest
2020-06-12 16:01:37 INFO  TestBase:55 - Executed test case name:LoginTest Execution Results : [TestResult name=LoginTest status=FAILURE method=LoginTest.LoginTest(java.lang.String, java.lang.String)[pri:1, instance:com.test.qa.test.LoginTest@5a8806ef] output={null}]
2020-06-12 16:01:37 INFO  TestBase:48 - Closing Browser
2020-06-12 16:01:39 INFO  TestBase:50 - Browser Closed
2020-06-12 16:01:39 INFO  TestBase:27 - Initiate Browser
2020-06-12 16:01:54 INFO  TestBase:33 - Browser Initiated
2020-06-12 16:01:54 INFO  TestBase:43 - Test name: LoginTest
2020-06-12 16:01:56 INFO  TestBase:55 - Executed test case name:LoginTest Execution Results : [TestResult name=LoginTest status=SUCCESS method=LoginTest.LoginTest(java.lang.String, java.lang.String)[pri:1, instance:com.test.qa.test.LoginTest@5a8806ef] output={null}]
2020-06-12 16:01:56 INFO  TestBase:48 - Closing Browser
2020-06-12 16:02:00 INFO  TestBase:50 - Browser Closed
2020-06-12 16:12:06 INFO  LoginData:21 - row = 2 columns = 2
2020-06-12 16:12:06 INFO  TestBase:27 - Initiate Browser
2020-06-12 16:12:29 INFO  TestBase:33 - Browser Initiated
2020-06-12 16:12:29 INFO  TestBase:43 - Test name: LoginTest
2020-06-12 16:12:43 INFO  TestBase:55 - Executed test case name:LoginTest Execution Results : [TestResult name=LoginTest status=FAILURE method=LoginTest.LoginTest(java.lang.String, java.lang.String)[pri:1, instance:com.test.qa.test.LoginTest@5a8806ef] output={null}]
2020-06-12 16:12:43 INFO  TestBase:48 - Closing Browser
2020-06-12 16:21:14 INFO  LoginData:21 - row = 2 columns = 2
2020-06-12 16:21:14 INFO  TestBase:27 - Initiate Browser
2020-06-12 16:21:33 INFO  TestBase:33 - Browser Initiated
2020-06-12 16:21:33 INFO  TestBase:43 - Test name: LoginTest
2020-06-12 16:22:29 INFO  TestBase:55 - Executed test case name:LoginTest Execution Results : [TestResult name=LoginTest status=FAILURE method=LoginTest.LoginTest(java.lang.String, java.lang.String)[pri:1, instance:com.test.qa.test.LoginTest@5a8806ef] output={null}]
2020-06-12 16:22:29 INFO  TestBase:48 - Closing Browser
2020-06-15 18:30:16 INFO  TestBase:27 - Initiate Browser
2020-06-15 18:30:39 INFO  TestBase:52 - Test name: SupplierTest
2020-06-15 18:30:39 INFO  TestBase:74 - Executed test case name:SupplierTest Execution Results : [TestResult name={null} status=CREATED method=SupplierTest.SupplierTest()[pri:0, instance:com.test.qa.plant.SupplierTest@131276c2] output={null}]
2020-06-15 18:30:39 INFO  TestBase:57 - Closing Browser
2020-06-15 18:33:15 INFO  TestBase:27 - Initiate Browser
2020-06-15 18:33:37 INFO  TestBase:52 - Test name: SupplierTest
2020-06-15 18:33:37 INFO  TestBase:74 - Executed test case name:SupplierTest Execution Results : [TestResult name={null} status=CREATED method=SupplierTest.SupplierTest()[pri:0, instance:com.test.qa.plant.SupplierTest@131276c2] output={null}]
2020-06-15 18:33:37 INFO  TestBase:57 - Closing Browser
2020-06-15 18:34:20 INFO  TestBase:27 - Initiate Browser
2020-06-15 18:34:39 INFO  TestBase:34 - Browser Initiated
2020-06-15 18:34:40 INFO  TestBase:39 - successful Login
2020-06-15 18:34:40 INFO  TestBase:52 - Test name: SupplierTest
2020-06-15 19:24:40 INFO  TestBase:74 - Executed test case name:SupplierTest Execution Results : [TestResult name=SupplierTest status=FAILURE method=SupplierTest.SupplierTest()[pri:0, instance:com.test.qa.plant.SupplierTest@131276c2] output={null}]
2020-06-15 19:24:40 INFO  TestBase:57 - Closing Browser
2020-06-15 19:24:44 INFO  TestBase:69 - Browser Closed
2020-06-15 21:13:46 INFO  TestBase:27 - Initiate Browser
2020-06-15 21:14:02 INFO  TestBase:34 - Browser Initiated
2020-06-15 21:14:03 INFO  TestBase:39 - successful Login
2020-06-15 21:14:03 INFO  TestBase:52 - Test name: SupplierTest
2020-06-15 21:14:09 INFO  TestBase:74 - Executed test case name:SupplierTest Execution Results : [TestResult name=SupplierTest status=FAILURE method=SupplierTest.SupplierTest()[pri:0, instance:com.test.qa.plant.SupplierTest@131276c2] output={null}]
2020-06-15 21:14:09 INFO  TestBase:57 - Closing Browser
2020-06-15 21:14:13 INFO  TestBase:69 - Browser Closed
2020-06-15 21:14:54 INFO  TestBase:27 - Initiate Browser
2020-06-15 21:15:06 INFO  TestBase:52 - Test name: SupplierTest
2020-06-15 21:15:06 INFO  TestBase:74 - Executed test case name:SupplierTest Execution Results : [TestResult name={null} status=CREATED method=SupplierTest.SupplierTest()[pri:0, instance:com.test.qa.plant.SupplierTest@131276c2] output={null}]
2020-06-15 21:15:06 INFO  TestBase:57 - Closing Browser
2020-06-15 21:15:10 INFO  TestBase:69 - Browser Closed
2020-06-15 21:16:01 INFO  TestBase:27 - Initiate Browser
2020-06-15 21:16:15 INFO  TestBase:34 - Browser Initiated
2020-06-15 21:16:16 INFO  TestBase:39 - successful Login
2020-06-15 21:16:16 INFO  TestBase:52 - Test name: SupplierTest
2020-06-15 21:18:45 INFO  TestBase:27 - Initiate Browser
2020-06-15 21:19:02 INFO  TestBase:34 - Browser Initiated
2020-06-15 21:19:02 INFO  TestBase:39 - successful Login
2020-06-15 21:19:02 INFO  TestBase:52 - Test name: SupplierTest
2020-06-15 21:20:21 INFO  TestBase:74 - Executed test case name:SupplierTest Execution Results : [TestResult name=SupplierTest status=FAILURE method=SupplierTest.SupplierTest()[pri:0, instance:com.test.qa.plant.SupplierTest@131276c2] output={null}]
2020-06-15 21:20:21 INFO  TestBase:57 - Closing Browser
2020-06-15 21:20:25 INFO  TestBase:69 - Browser Closed
2020-06-15 21:20:48 INFO  TestBase:27 - Initiate Browser
2020-06-15 21:21:03 INFO  TestBase:34 - Browser Initiated
2020-06-15 21:21:03 INFO  TestBase:39 - successful Login
2020-06-15 21:21:03 INFO  TestBase:52 - Test name: SupplierTest
2020-06-15 21:21:45 INFO  TestBase:74 - Executed test case name:SupplierTest Execution Results : [TestResult name=SupplierTest status=FAILURE method=SupplierTest.SupplierTest()[pri:0, instance:com.test.qa.plant.SupplierTest@131276c2] output={null}]
2020-06-15 21:21:45 INFO  TestBase:57 - Closing Browser
2020-06-15 21:21:49 INFO  TestBase:69 - Browser Closed
2020-06-15 21:23:18 INFO  TestBase:27 - Initiate Browser
2020-06-15 21:23:35 INFO  TestBase:34 - Browser Initiated
2020-06-15 21:23:36 INFO  TestBase:39 - successful Login
2020-06-15 21:23:36 INFO  TestBase:52 - Test name: SupplierTest
2020-06-15 21:24:36 INFO  TestBase:27 - Initiate Browser
2020-06-15 21:24:50 INFO  TestBase:34 - Browser Initiated
2020-06-15 21:24:50 INFO  TestBase:39 - successful Login
2020-06-15 21:24:50 INFO  TestBase:52 - Test name: SupplierTest
2020-06-15 21:29:03 INFO  TestBase:27 - Initiate Browser
2020-06-15 21:29:19 INFO  TestBase:34 - Browser Initiated
2020-06-15 21:29:19 INFO  TestBase:39 - successful Login
2020-06-15 21:29:19 INFO  TestBase:52 - Test name: SupplierTest
2020-06-15 21:30:38 INFO  TestBase:27 - Initiate Browser
2020-06-15 21:30:53 INFO  TestBase:34 - Browser Initiated
2020-06-15 21:30:54 INFO  TestBase:39 - successful Login
2020-06-15 21:30:54 INFO  TestBase:52 - Test name: SupplierTest
2020-06-15 21:31:05 INFO  TestBase:74 - Executed test case name:SupplierTest Execution Results : [TestResult name=SupplierTest status=FAILURE method=SupplierTest.SupplierTest()[pri:0, instance:com.test.qa.plant.SupplierTest@131276c2] output={null}]
2020-06-15 21:31:05 INFO  TestBase:57 - Closing Browser
2020-06-15 21:31:10 INFO  TestBase:69 - Browser Closed
2020-06-15 21:32:23 INFO  TestBase:27 - Initiate Browser
2020-06-15 21:32:38 INFO  TestBase:34 - Browser Initiated
2020-06-15 21:32:38 INFO  TestBase:39 - successful Login
2020-06-15 21:32:38 INFO  TestBase:52 - Test name: SupplierTest
2020-06-15 21:32:51 INFO  TestBase:74 - Executed test case name:SupplierTest Execution Results : [TestResult name=SupplierTest status=FAILURE method=SupplierTest.SupplierTest()[pri:0, instance:com.test.qa.plant.SupplierTest@131276c2] output={null}]
2020-06-15 21:32:51 INFO  TestBase:57 - Closing Browser
2020-06-15 21:32:55 INFO  TestBase:69 - Browser Closed
<<<<<<< HEAD
<<<<<<< HEAD
2020-06-18 16:52:20 INFO  PlantData:21 - row = 3 columns = 6
2020-06-18 16:52:20 INFO  TestBase:27 - Initiate Browser
2020-06-18 16:52:34 INFO  TestBase:34 - Browser Initiated
2020-06-18 16:52:34 INFO  TestBase:39 - successful Login
2020-06-18 16:52:34 INFO  TestBase:52 - Test name: TokiyomasterTest
2020-06-18 16:52:37 INFO  TestBase:66 - Executed test case name:TokiyomasterTest Execution Results : [TestResult name=TokiyomasterTest status=SUCCESS method=PlantTest.TokiyomasterTest(java.lang.String, java.lang.String, java.lang.String, java.lang.String, java.lang.String, java.lang.String)[pri:1, instance:com.test.qa.plant.PlantTest@694e1548] output={null}]
2020-06-18 16:52:37 INFO  TestBase:57 - Closing Browser
2020-06-18 16:52:37 INFO  TestBase:61 - Browser Closed
2020-06-18 16:52:37 INFO  TestBase:27 - Initiate Browser
2020-06-18 16:52:50 INFO  TestBase:34 - Browser Initiated
2020-06-18 16:52:50 INFO  TestBase:39 - successful Login
2020-06-18 16:52:50 INFO  TestBase:52 - Test name: TokiyomasterTest
2020-06-18 16:52:54 INFO  TestBase:66 - Executed test case name:TokiyomasterTest Execution Results : [TestResult name=TokiyomasterTest status=SUCCESS method=PlantTest.TokiyomasterTest(java.lang.String, java.lang.String, java.lang.String, java.lang.String, java.lang.String, java.lang.String)[pri:1, instance:com.test.qa.plant.PlantTest@694e1548] output={null}]
2020-06-18 16:52:54 INFO  TestBase:57 - Closing Browser
2020-06-18 16:52:54 INFO  TestBase:61 - Browser Closed
2020-06-18 16:52:54 INFO  TestBase:27 - Initiate Browser
2020-06-18 16:53:06 INFO  TestBase:34 - Browser Initiated
2020-06-18 16:53:07 INFO  TestBase:39 - successful Login
2020-06-18 16:53:07 INFO  TestBase:52 - Test name: TokiyomasterTest
2020-06-18 16:53:10 INFO  TestBase:66 - Executed test case name:TokiyomasterTest Execution Results : [TestResult name=TokiyomasterTest status=SUCCESS method=PlantTest.TokiyomasterTest(java.lang.String, java.lang.String, java.lang.String, java.lang.String, java.lang.String, java.lang.String)[pri:1, instance:com.test.qa.plant.PlantTest@694e1548] output={null}]
2020-06-18 16:53:10 INFO  TestBase:57 - Closing Browser
2020-06-18 16:53:10 INFO  TestBase:61 - Browser Closed
2020-06-19 10:30:52 INFO  PlantData:21 - row = 3 columns = 8
2020-06-19 10:30:52 INFO  TestBase:27 - Initiate Browser
2020-06-19 10:31:09 INFO  TestBase:34 - Browser Initiated
2020-06-19 10:31:09 INFO  TestBase:39 - successful Login
2020-06-19 10:31:09 INFO  TestBase:52 - Test name: TokiyomasterTest
2020-06-19 10:36:03 INFO  PlantData:21 - row = 3 columns = 8
2020-06-19 10:36:03 INFO  TestBase:27 - Initiate Browser
2020-06-19 10:36:17 INFO  TestBase:34 - Browser Initiated
2020-06-19 10:36:18 INFO  TestBase:39 - successful Login
2020-06-19 10:36:18 INFO  TestBase:52 - Test name: TokiyomasterTest
2020-06-19 10:47:10 INFO  PlantData:21 - row = 3 columns = 8
2020-06-19 10:47:10 INFO  TestBase:27 - Initiate Browser
2020-06-19 10:47:24 INFO  TestBase:34 - Browser Initiated
2020-06-19 10:47:24 INFO  TestBase:39 - successful Login
2020-06-19 10:47:24 INFO  TestBase:52 - Test name: TokiyomasterTest
2020-06-19 11:18:48 INFO  PlantData:21 - row = 3 columns = 8
2020-06-19 11:18:48 INFO  TestBase:27 - Initiate Browser
2020-06-19 11:19:03 INFO  TestBase:34 - Browser Initiated
2020-06-19 11:19:04 INFO  TestBase:39 - successful Login
2020-06-19 11:19:04 INFO  TestBase:52 - Test name: TokiyomasterTest
2020-06-19 11:53:46 INFO  PlantData:21 - row = 3 columns = 8
2020-06-19 11:54:03 INFO  PlantData:21 - row = 3 columns = 8
2020-06-19 13:56:40 INFO  PlantData:21 - row = 3 columns = 8
2020-06-19 13:56:40 INFO  TestBase:27 - Initiate Browser
2020-06-19 13:57:00 INFO  TestBase:34 - Browser Initiated
2020-06-19 13:57:01 INFO  TestBase:39 - successful Login
2020-06-19 13:57:01 INFO  TestBase:52 - Test name: TokiyomasterTest
2020-06-19 14:04:21 INFO  PlantData:21 - row = 3 columns = 8
2020-06-19 14:04:21 INFO  TestBase:27 - Initiate Browser
2020-06-19 14:04:37 INFO  TestBase:34 - Browser Initiated
2020-06-19 14:04:37 INFO  TestBase:39 - successful Login
2020-06-19 14:04:37 INFO  TestBase:52 - Test name: TokiyomasterTest
2020-06-19 15:41:55 INFO  PlantData:21 - row = 3 columns = 8
2020-06-19 15:41:55 INFO  TestBase:27 - Initiate Browser
2020-06-19 15:42:10 INFO  TestBase:34 - Browser Initiated
2020-06-19 15:42:10 INFO  TestBase:39 - successful Login
2020-06-19 15:42:10 INFO  TestBase:52 - Test name: TokiyomasterTest
2020-06-19 15:42:26 INFO  TestBase:66 - Executed test case name:TokiyomasterTest Execution Results : [TestResult name=TokiyomasterTest status=FAILURE method=PlantTest.TokiyomasterTest(java.lang.String, java.lang.String, java.lang.String, java.lang.String, java.lang.String, java.lang.String, java.lang.String, java.lang.String)[pri:1, instance:com.test.qa.plant.PlantTest@71bbf57e] output={null}]
2020-06-19 15:42:26 INFO  TestBase:57 - Closing Browser
2020-06-19 15:42:26 INFO  TestBase:61 - Browser Closed
2020-06-19 15:42:26 INFO  TestBase:27 - Initiate Browser
2020-06-19 15:42:39 INFO  TestBase:34 - Browser Initiated
2020-06-19 15:42:39 INFO  TestBase:39 - successful Login
2020-06-19 15:42:39 INFO  TestBase:52 - Test name: TokiyomasterTest
2020-06-19 15:44:57 INFO  PlantData:21 - row = 3 columns = 8
2020-06-19 15:44:57 INFO  TestBase:27 - Initiate Browser
=======
2020-06-18 16:47:21 INFO  EmployeeData:21 - row = 4 columns = 5
2020-06-18 16:47:21 INFO  TestBase:27 - Initiate Browser
2020-06-18 16:47:36 INFO  TestBase:34 - Browser Initiated
2020-06-18 16:47:36 INFO  TestBase:39 - successful Login
2020-06-18 16:47:36 INFO  TestBase:52 - Test name: TokiyomasterTest
2020-06-18 16:47:40 INFO  TestBase:66 - Executed test case name:TokiyomasterTest Execution Results : [TestResult name=TokiyomasterTest status=FAILURE method=EmployeeTest.TokiyomasterTest(java.lang.String, java.lang.String, java.lang.String, java.lang.String, java.lang.String)[pri:2, instance:com.test.qa.employee.EmployeeTest@7f13d6e] output={null}]
2020-06-18 16:47:40 INFO  TestBase:57 - Closing Browser
2020-06-18 16:47:40 INFO  TestBase:61 - Browser Closed
2020-06-18 16:47:40 INFO  TestBase:27 - Initiate Browser
2020-06-18 16:47:54 INFO  TestBase:34 - Browser Initiated
2020-06-18 16:47:55 INFO  TestBase:39 - successful Login
2020-06-18 16:47:55 INFO  TestBase:52 - Test name: TokiyomasterTest
2020-06-18 16:47:58 INFO  TestBase:66 - Executed test case name:TokiyomasterTest Execution Results : [TestResult name=TokiyomasterTest status=FAILURE method=EmployeeTest.TokiyomasterTest(java.lang.String, java.lang.String, java.lang.String, java.lang.String, java.lang.String)[pri:2, instance:com.test.qa.employee.EmployeeTest@7f13d6e] output={null}]
2020-06-18 16:47:58 INFO  TestBase:57 - Closing Browser
2020-06-18 16:47:58 INFO  TestBase:61 - Browser Closed
2020-06-18 16:47:58 INFO  TestBase:27 - Initiate Browser
2020-06-18 16:48:11 INFO  TestBase:34 - Browser Initiated
2020-06-18 16:48:12 INFO  TestBase:39 - successful Login
2020-06-18 16:48:12 INFO  TestBase:52 - Test name: TokiyomasterTest
2020-06-18 16:48:15 INFO  TestBase:66 - Executed test case name:TokiyomasterTest Execution Results : [TestResult name=TokiyomasterTest status=SUCCESS method=EmployeeTest.TokiyomasterTest(java.lang.String, java.lang.String, java.lang.String, java.lang.String, java.lang.String)[pri:2, instance:com.test.qa.employee.EmployeeTest@7f13d6e] output={null}]
2020-06-18 16:48:15 INFO  TestBase:57 - Closing Browser
2020-06-18 16:48:15 INFO  TestBase:61 - Browser Closed
2020-06-18 16:48:15 INFO  TestBase:27 - Initiate Browser
2020-06-18 16:48:29 INFO  TestBase:34 - Browser Initiated
2020-06-18 16:48:29 INFO  TestBase:39 - successful Login
2020-06-18 16:48:29 INFO  TestBase:52 - Test name: TokiyomasterTest
2020-06-18 16:48:32 INFO  TestBase:66 - Executed test case name:TokiyomasterTest Execution Results : [TestResult name=TokiyomasterTest status=FAILURE method=EmployeeTest.TokiyomasterTest(java.lang.String, java.lang.String, java.lang.String, java.lang.String, java.lang.String)[pri:2, instance:com.test.qa.employee.EmployeeTest@7f13d6e] output={null}]
2020-06-18 16:48:32 INFO  TestBase:57 - Closing Browser
2020-06-18 16:48:32 INFO  TestBase:61 - Browser Closed
2020-06-18 17:19:43 INFO  EmployeeData:21 - row = 4 columns = 5
2020-06-18 17:19:43 INFO  TestBase:27 - Initiate Browser
2020-06-18 17:20:08 INFO  TestBase:34 - Browser Initiated
2020-06-18 17:20:09 INFO  TestBase:39 - successful Login
2020-06-18 17:20:09 INFO  TestBase:52 - Test name: TokiyomasterTest
2020-06-18 17:20:19 INFO  TestBase:66 - Executed test case name:TokiyomasterTest Execution Results : [TestResult name=TokiyomasterTest status=SUCCESS method=EmployeeTest.TokiyomasterTest(java.lang.String, java.lang.String, java.lang.String, java.lang.String, java.lang.String)[pri:2, instance:com.test.qa.employee.EmployeeTest@3fd7a715] output={null}]
2020-06-18 17:20:19 INFO  TestBase:57 - Closing Browser
2020-06-18 17:20:19 INFO  TestBase:61 - Browser Closed
2020-06-18 17:20:19 INFO  TestBase:27 - Initiate Browser
2020-06-18 17:20:36 INFO  TestBase:52 - Test name: TokiyomasterTest
2020-06-18 17:20:36 INFO  TestBase:66 - Executed test case name:TokiyomasterTest Execution Results : [TestResult name={null} status=CREATED method=EmployeeTest.TokiyomasterTest(java.lang.String, java.lang.String, java.lang.String, java.lang.String, java.lang.String)[pri:2, instance:com.test.qa.employee.EmployeeTest@3fd7a715] output={null}]
2020-06-18 17:20:36 INFO  TestBase:57 - Closing Browser
2020-06-18 17:20:36 INFO  TestBase:61 - Browser Closed
2020-06-18 17:20:36 INFO  TestBase:27 - Initiate Browser
2020-06-19 09:28:19 INFO  EmployeeData:21 - row = 4 columns = 5
2020-06-19 09:28:19 INFO  TestBase:27 - Initiate Browser
2020-06-19 09:28:36 INFO  TestBase:34 - Browser Initiated
2020-06-19 09:28:37 INFO  TestBase:39 - successful Login
2020-06-19 09:28:37 INFO  TestBase:52 - Test name: TokiyomasterTest
2020-06-19 09:28:48 INFO  TestBase:80 - Executed test case name:TokiyomasterTest Execution Results : [TestResult name=TokiyomasterTest status=FAILURE method=EmployeeTest.TokiyomasterTest(java.lang.String, java.lang.String, java.lang.String, java.lang.String, java.lang.String)[pri:2, instance:com.test.qa.employee.EmployeeTest@3fd7a715] output={null}]
2020-06-19 09:28:48 INFO  TestBase:57 - Closing Browser
2020-06-19 10:29:00 INFO  EmployeeData:21 - row = 4 columns = 7
2020-06-19 10:29:01 INFO  TestBase:27 - Initiate Browser
2020-06-19 10:29:15 INFO  TestBase:34 - Browser Initiated
2020-06-19 10:29:16 INFO  TestBase:39 - successful Login
2020-06-19 10:29:16 INFO  TestBase:52 - Test name: TokiyomasterTest
2020-06-19 10:29:24 INFO  TestBase:80 - Executed test case name:TokiyomasterTest Execution Results : [TestResult name=TokiyomasterTest status=FAILURE method=EmployeeTest.TokiyomasterTest(java.lang.String, java.lang.String, java.lang.String, java.lang.String, java.lang.String, java.lang.String, java.lang.String)[pri:2, instance:com.test.qa.employee.EmployeeTest@7f13d6e] output={null}]
2020-06-19 10:29:24 INFO  TestBase:57 - Closing Browser
2020-06-19 10:29:29 INFO  TestBase:75 - Browser Closed
2020-06-19 10:29:29 INFO  TestBase:27 - Initiate Browser
2020-06-19 10:29:43 INFO  TestBase:34 - Browser Initiated
2020-06-19 10:29:44 INFO  TestBase:39 - successful Login
2020-06-19 10:29:44 INFO  TestBase:52 - Test name: TokiyomasterTest
2020-06-19 10:29:55 INFO  TestBase:80 - Executed test case name:TokiyomasterTest Execution Results : [TestResult name=TokiyomasterTest status=SUCCESS method=EmployeeTest.TokiyomasterTest(java.lang.String, java.lang.String, java.lang.String, java.lang.String, java.lang.String, java.lang.String, java.lang.String)[pri:2, instance:com.test.qa.employee.EmployeeTest@7f13d6e] output={null}]
2020-06-19 10:29:55 INFO  TestBase:57 - Closing Browser
2020-06-19 10:30:00 INFO  TestBase:75 - Browser Closed
2020-06-19 10:30:00 INFO  TestBase:27 - Initiate Browser
2020-06-19 10:30:15 INFO  TestBase:34 - Browser Initiated
2020-06-19 10:30:16 INFO  TestBase:39 - successful Login
2020-06-19 10:30:16 INFO  TestBase:52 - Test name: TokiyomasterTest
2020-06-19 10:30:23 INFO  TestBase:80 - Executed test case name:TokiyomasterTest Execution Results : [TestResult name=TokiyomasterTest status=SUCCESS method=EmployeeTest.TokiyomasterTest(java.lang.String, java.lang.String, java.lang.String, java.lang.String, java.lang.String, java.lang.String, java.lang.String)[pri:2, instance:com.test.qa.employee.EmployeeTest@7f13d6e] output={null}]
2020-06-19 10:30:23 INFO  TestBase:57 - Closing Browser
2020-06-19 10:30:28 INFO  TestBase:75 - Browser Closed
2020-06-19 10:30:28 INFO  TestBase:27 - Initiate Browser
2020-06-19 10:30:41 INFO  TestBase:34 - Browser Initiated
2020-06-19 10:30:41 INFO  TestBase:39 - successful Login
2020-06-19 10:30:42 INFO  TestBase:52 - Test name: TokiyomasterTest
2020-06-19 10:30:50 INFO  TestBase:80 - Executed test case name:TokiyomasterTest Execution Results : [TestResult name=TokiyomasterTest status=FAILURE method=EmployeeTest.TokiyomasterTest(java.lang.String, java.lang.String, java.lang.String, java.lang.String, java.lang.String, java.lang.String, java.lang.String)[pri:2, instance:com.test.qa.employee.EmployeeTest@7f13d6e] output={null}]
2020-06-19 10:30:50 INFO  TestBase:57 - Closing Browser
2020-06-19 10:30:54 INFO  TestBase:75 - Browser Closed
2020-06-19 10:33:27 INFO  EmployeeData:21 - row = 4 columns = 7
2020-06-19 10:33:27 INFO  TestBase:27 - Initiate Browser
2020-06-19 10:33:41 INFO  TestBase:34 - Browser Initiated
2020-06-19 10:33:42 INFO  TestBase:39 - successful Login
2020-06-19 10:33:42 INFO  TestBase:52 - Test name: TokiyomasterTest
2020-06-19 10:33:56 INFO  TestBase:80 - Executed test case name:TokiyomasterTest Execution Results : [TestResult name=TokiyomasterTest status=SUCCESS method=EmployeeTest.TokiyomasterTest(java.lang.String, java.lang.String, java.lang.String, java.lang.String, java.lang.String, java.lang.String, java.lang.String)[pri:2, instance:com.test.qa.employee.EmployeeTest@7f13d6e] output={null}]
2020-06-19 10:33:56 INFO  TestBase:57 - Closing Browser
2020-06-19 10:34:01 INFO  TestBase:75 - Browser Closed
2020-06-19 10:34:01 INFO  TestBase:27 - Initiate Browser
2020-06-19 10:34:14 INFO  TestBase:34 - Browser Initiated
2020-06-19 10:34:15 INFO  TestBase:39 - successful Login
2020-06-19 10:34:15 INFO  TestBase:52 - Test name: TokiyomasterTest
2020-06-19 10:34:30 INFO  TestBase:80 - Executed test case name:TokiyomasterTest Execution Results : [TestResult name=TokiyomasterTest status=SUCCESS method=EmployeeTest.TokiyomasterTest(java.lang.String, java.lang.String, java.lang.String, java.lang.String, java.lang.String, java.lang.String, java.lang.String)[pri:2, instance:com.test.qa.employee.EmployeeTest@7f13d6e] output={null}]
2020-06-19 10:34:30 INFO  TestBase:57 - Closing Browser
2020-06-19 10:34:35 INFO  TestBase:75 - Browser Closed
2020-06-19 10:34:35 INFO  TestBase:27 - Initiate Browser
2020-06-19 10:34:50 INFO  TestBase:34 - Browser Initiated
2020-06-19 10:34:51 INFO  TestBase:39 - successful Login
2020-06-19 10:34:51 INFO  TestBase:52 - Test name: TokiyomasterTest
2020-06-19 10:35:03 INFO  TestBase:80 - Executed test case name:TokiyomasterTest Execution Results : [TestResult name=TokiyomasterTest status=SUCCESS method=EmployeeTest.TokiyomasterTest(java.lang.String, java.lang.String, java.lang.String, java.lang.String, java.lang.String, java.lang.String, java.lang.String)[pri:2, instance:com.test.qa.employee.EmployeeTest@7f13d6e] output={null}]
2020-06-19 10:35:03 INFO  TestBase:57 - Closing Browser
2020-06-19 10:35:08 INFO  TestBase:75 - Browser Closed
2020-06-19 10:35:08 INFO  TestBase:27 - Initiate Browser
2020-06-19 10:35:23 INFO  TestBase:34 - Browser Initiated
2020-06-19 10:35:24 INFO  TestBase:39 - successful Login
2020-06-19 10:35:24 INFO  TestBase:52 - Test name: TokiyomasterTest
2020-06-19 10:35:37 INFO  TestBase:80 - Executed test case name:TokiyomasterTest Execution Results : [TestResult name=TokiyomasterTest status=SUCCESS method=EmployeeTest.TokiyomasterTest(java.lang.String, java.lang.String, java.lang.String, java.lang.String, java.lang.String, java.lang.String, java.lang.String)[pri:2, instance:com.test.qa.employee.EmployeeTest@7f13d6e] output={null}]
2020-06-19 10:35:37 INFO  TestBase:57 - Closing Browser
2020-06-19 10:35:42 INFO  TestBase:75 - Browser Closed
2020-06-19 10:37:28 INFO  EmployeeData:21 - row = 4 columns = 7
2020-06-19 10:37:28 INFO  TestBase:27 - Initiate Browser
2020-06-19 10:37:44 INFO  TestBase:34 - Browser Initiated
2020-06-19 10:37:45 INFO  TestBase:39 - successful Login
2020-06-19 10:37:45 INFO  TestBase:52 - Test name: TokiyomasterTest
2020-06-19 10:37:52 INFO  TestBase:80 - Executed test case name:TokiyomasterTest Execution Results : [TestResult name=TokiyomasterTest status=SUCCESS method=EmployeeTest.TokiyomasterTest(java.lang.String, java.lang.String, java.lang.String, java.lang.String, java.lang.String, java.lang.String, java.lang.String)[pri:2, instance:com.test.qa.employee.EmployeeTest@7f13d6e] output={null}]
2020-06-19 10:37:52 INFO  TestBase:57 - Closing Browser
2020-06-19 10:37:57 INFO  TestBase:75 - Browser Closed
2020-06-19 10:37:57 INFO  TestBase:27 - Initiate Browser
2020-06-19 10:38:11 INFO  TestBase:34 - Browser Initiated
2020-06-19 10:38:11 INFO  TestBase:39 - successful Login
2020-06-19 10:38:11 INFO  TestBase:52 - Test name: TokiyomasterTest
2020-06-19 10:38:18 INFO  TestBase:80 - Executed test case name:TokiyomasterTest Execution Results : [TestResult name=TokiyomasterTest status=SUCCESS method=EmployeeTest.TokiyomasterTest(java.lang.String, java.lang.String, java.lang.String, java.lang.String, java.lang.String, java.lang.String, java.lang.String)[pri:2, instance:com.test.qa.employee.EmployeeTest@7f13d6e] output={null}]
2020-06-19 10:38:18 INFO  TestBase:57 - Closing Browser
2020-06-19 10:38:23 INFO  TestBase:75 - Browser Closed
2020-06-19 10:38:23 INFO  TestBase:27 - Initiate Browser
2020-06-19 10:38:36 INFO  TestBase:34 - Browser Initiated
2020-06-19 10:38:37 INFO  TestBase:39 - successful Login
2020-06-19 10:38:37 INFO  TestBase:52 - Test name: TokiyomasterTest
2020-06-19 10:38:47 INFO  TestBase:80 - Executed test case name:TokiyomasterTest Execution Results : [TestResult name=TokiyomasterTest status=SUCCESS method=EmployeeTest.TokiyomasterTest(java.lang.String, java.lang.String, java.lang.String, java.lang.String, java.lang.String, java.lang.String, java.lang.String)[pri:2, instance:com.test.qa.employee.EmployeeTest@7f13d6e] output={null}]
2020-06-19 10:38:47 INFO  TestBase:57 - Closing Browser
2020-06-19 10:38:52 INFO  TestBase:75 - Browser Closed
2020-06-19 10:38:52 INFO  TestBase:27 - Initiate Browser
2020-06-19 10:39:05 INFO  TestBase:34 - Browser Initiated
2020-06-19 10:39:06 INFO  TestBase:39 - successful Login
2020-06-19 10:39:06 INFO  TestBase:52 - Test name: TokiyomasterTest
2020-06-19 10:39:18 INFO  TestBase:80 - Executed test case name:TokiyomasterTest Execution Results : [TestResult name=TokiyomasterTest status=SUCCESS method=EmployeeTest.TokiyomasterTest(java.lang.String, java.lang.String, java.lang.String, java.lang.String, java.lang.String, java.lang.String, java.lang.String)[pri:2, instance:com.test.qa.employee.EmployeeTest@7f13d6e] output={null}]
2020-06-19 10:39:18 INFO  TestBase:57 - Closing Browser
2020-06-19 10:39:23 INFO  TestBase:75 - Browser Closed
2020-06-19 10:44:27 INFO  EmployeeData:21 - row = 4 columns = 7
2020-06-19 10:44:28 INFO  TestBase:27 - Initiate Browser
2020-06-19 10:44:44 INFO  TestBase:34 - Browser Initiated
2020-06-19 10:44:44 INFO  TestBase:39 - successful Login
2020-06-19 10:44:44 INFO  TestBase:52 - Test name: TokiyomasterTest
2020-06-19 10:45:02 INFO  TestBase:80 - Executed test case name:TokiyomasterTest Execution Results : [TestResult name=TokiyomasterTest status=SUCCESS method=EmployeeTest.TokiyomasterTest(java.lang.String, java.lang.String, java.lang.String, java.lang.String, java.lang.String, java.lang.String, java.lang.String)[pri:2, instance:com.test.qa.employee.EmployeeTest@7f13d6e] output={null}]
2020-06-19 10:45:02 INFO  TestBase:57 - Closing Browser
2020-06-19 10:45:07 INFO  TestBase:75 - Browser Closed
2020-06-19 10:45:07 INFO  TestBase:27 - Initiate Browser
2020-06-19 10:45:20 INFO  TestBase:34 - Browser Initiated
2020-06-19 10:45:21 INFO  TestBase:39 - successful Login
2020-06-19 10:45:21 INFO  TestBase:52 - Test name: TokiyomasterTest
2020-06-19 10:45:30 INFO  TestBase:80 - Executed test case name:TokiyomasterTest Execution Results : [TestResult name=TokiyomasterTest status=SUCCESS method=EmployeeTest.TokiyomasterTest(java.lang.String, java.lang.String, java.lang.String, java.lang.String, java.lang.String, java.lang.String, java.lang.String)[pri:2, instance:com.test.qa.employee.EmployeeTest@7f13d6e] output={null}]
2020-06-19 10:45:30 INFO  TestBase:57 - Closing Browser
2020-06-19 10:45:35 INFO  TestBase:75 - Browser Closed
2020-06-19 10:45:35 INFO  TestBase:27 - Initiate Browser
2020-06-19 10:45:50 INFO  TestBase:34 - Browser Initiated
2020-06-19 10:45:51 INFO  TestBase:39 - successful Login
2020-06-19 10:45:51 INFO  TestBase:52 - Test name: TokiyomasterTest
2020-06-19 10:46:09 INFO  TestBase:80 - Executed test case name:TokiyomasterTest Execution Results : [TestResult name=TokiyomasterTest status=SUCCESS method=EmployeeTest.TokiyomasterTest(java.lang.String, java.lang.String, java.lang.String, java.lang.String, java.lang.String, java.lang.String, java.lang.String)[pri:2, instance:com.test.qa.employee.EmployeeTest@7f13d6e] output={null}]
2020-06-19 10:46:09 INFO  TestBase:57 - Closing Browser
2020-06-19 10:46:14 INFO  TestBase:75 - Browser Closed
2020-06-19 10:46:14 INFO  TestBase:27 - Initiate Browser
2020-06-19 10:46:27 INFO  TestBase:34 - Browser Initiated
2020-06-19 10:46:28 INFO  TestBase:39 - successful Login
2020-06-19 10:46:28 INFO  TestBase:52 - Test name: TokiyomasterTest
2020-06-19 10:46:34 INFO  TestBase:80 - Executed test case name:TokiyomasterTest Execution Results : [TestResult name=TokiyomasterTest status=SUCCESS method=EmployeeTest.TokiyomasterTest(java.lang.String, java.lang.String, java.lang.String, java.lang.String, java.lang.String, java.lang.String, java.lang.String)[pri:2, instance:com.test.qa.employee.EmployeeTest@7f13d6e] output={null}]
2020-06-19 10:46:34 INFO  TestBase:57 - Closing Browser
2020-06-19 10:46:39 INFO  TestBase:75 - Browser Closed
2020-06-19 11:09:18 INFO  EmployeeData:21 - row = 4 columns = 7
2020-06-19 11:09:19 INFO  TestBase:27 - Initiate Browser
2020-06-19 11:09:35 INFO  TestBase:34 - Browser Initiated
2020-06-19 11:09:36 INFO  TestBase:39 - successful Login
2020-06-19 11:09:36 INFO  TestBase:52 - Test name: TokiyomasterTest
2020-06-19 11:09:44 INFO  TestBase:80 - Executed test case name:TokiyomasterTest Execution Results : [TestResult name=TokiyomasterTest status=FAILURE method=EmployeeTest.TokiyomasterTest(java.lang.String, java.lang.String, java.lang.String, java.lang.String, java.lang.String, java.lang.String, java.lang.String)[pri:2, instance:com.test.qa.employee.EmployeeTest@7f13d6e] output={null}]
2020-06-19 11:09:44 INFO  TestBase:57 - Closing Browser
2020-06-19 11:09:49 INFO  TestBase:75 - Browser Closed
2020-06-19 11:09:49 INFO  TestBase:27 - Initiate Browser
2020-06-19 11:10:02 INFO  TestBase:34 - Browser Initiated
2020-06-19 11:10:03 INFO  TestBase:39 - successful Login
2020-06-19 11:10:03 INFO  TestBase:52 - Test name: TokiyomasterTest
2020-06-19 11:10:14 INFO  TestBase:80 - Executed test case name:TokiyomasterTest Execution Results : [TestResult name=TokiyomasterTest status=FAILURE method=EmployeeTest.TokiyomasterTest(java.lang.String, java.lang.String, java.lang.String, java.lang.String, java.lang.String, java.lang.String, java.lang.String)[pri:2, instance:com.test.qa.employee.EmployeeTest@7f13d6e] output={null}]
2020-06-19 11:10:14 INFO  TestBase:57 - Closing Browser
2020-06-19 11:10:19 INFO  TestBase:75 - Browser Closed
2020-06-19 11:10:19 INFO  TestBase:27 - Initiate Browser
2020-06-19 11:10:34 INFO  TestBase:34 - Browser Initiated
2020-06-19 11:10:35 INFO  TestBase:39 - successful Login
2020-06-19 11:10:35 INFO  TestBase:52 - Test name: TokiyomasterTest
2020-06-19 11:10:47 INFO  TestBase:80 - Executed test case name:TokiyomasterTest Execution Results : [TestResult name=TokiyomasterTest status=FAILURE method=EmployeeTest.TokiyomasterTest(java.lang.String, java.lang.String, java.lang.String, java.lang.String, java.lang.String, java.lang.String, java.lang.String)[pri:2, instance:com.test.qa.employee.EmployeeTest@7f13d6e] output={null}]
2020-06-19 11:10:47 INFO  TestBase:57 - Closing Browser
2020-06-19 11:10:51 INFO  TestBase:75 - Browser Closed
2020-06-19 11:10:51 INFO  TestBase:27 - Initiate Browser
2020-06-19 11:11:04 INFO  TestBase:34 - Browser Initiated
2020-06-19 11:11:05 INFO  TestBase:39 - successful Login
2020-06-19 11:11:05 INFO  TestBase:52 - Test name: TokiyomasterTest
2020-06-19 11:11:12 INFO  TestBase:80 - Executed test case name:TokiyomasterTest Execution Results : [TestResult name=TokiyomasterTest status=FAILURE method=EmployeeTest.TokiyomasterTest(java.lang.String, java.lang.String, java.lang.String, java.lang.String, java.lang.String, java.lang.String, java.lang.String)[pri:2, instance:com.test.qa.employee.EmployeeTest@7f13d6e] output={null}]
2020-06-19 11:11:12 INFO  TestBase:57 - Closing Browser
2020-06-19 11:11:17 INFO  TestBase:75 - Browser Closed
2020-06-19 11:14:12 INFO  EmployeeData:21 - row = 4 columns = 7
2020-06-19 11:14:12 INFO  TestBase:27 - Initiate Browser
2020-06-19 11:14:31 INFO  TestBase:34 - Browser Initiated
2020-06-19 11:14:32 INFO  TestBase:39 - successful Login
2020-06-19 11:14:32 INFO  TestBase:52 - Test name: TokiyomasterTest
2020-06-19 11:14:45 INFO  TestBase:80 - Executed test case name:TokiyomasterTest Execution Results : [TestResult name=TokiyomasterTest status=SUCCESS method=EmployeeTest.TokiyomasterTest(java.lang.String, java.lang.String, java.lang.String, java.lang.String, java.lang.String, java.lang.String, java.lang.String)[pri:2, instance:com.test.qa.employee.EmployeeTest@711f39f9] output={null}]
2020-06-19 11:14:45 INFO  TestBase:57 - Closing Browser
2020-06-19 11:14:50 INFO  TestBase:75 - Browser Closed
2020-06-19 11:14:50 INFO  TestBase:27 - Initiate Browser
2020-06-19 11:15:05 INFO  TestBase:34 - Browser Initiated
2020-06-19 11:15:06 INFO  TestBase:39 - successful Login
2020-06-19 11:15:06 INFO  TestBase:52 - Test name: TokiyomasterTest
2020-06-19 11:15:13 INFO  TestBase:80 - Executed test case name:TokiyomasterTest Execution Results : [TestResult name=TokiyomasterTest status=SUCCESS method=EmployeeTest.TokiyomasterTest(java.lang.String, java.lang.String, java.lang.String, java.lang.String, java.lang.String, java.lang.String, java.lang.String)[pri:2, instance:com.test.qa.employee.EmployeeTest@711f39f9] output={null}]
2020-06-19 11:15:13 INFO  TestBase:57 - Closing Browser
2020-06-19 11:15:18 INFO  TestBase:75 - Browser Closed
2020-06-19 11:15:18 INFO  TestBase:27 - Initiate Browser
2020-06-19 11:15:31 INFO  TestBase:34 - Browser Initiated
2020-06-19 11:15:31 INFO  TestBase:39 - successful Login
2020-06-19 11:15:31 INFO  TestBase:52 - Test name: TokiyomasterTest
2020-06-19 11:15:47 INFO  TestBase:80 - Executed test case name:TokiyomasterTest Execution Results : [TestResult name=TokiyomasterTest status=SUCCESS method=EmployeeTest.TokiyomasterTest(java.lang.String, java.lang.String, java.lang.String, java.lang.String, java.lang.String, java.lang.String, java.lang.String)[pri:2, instance:com.test.qa.employee.EmployeeTest@711f39f9] output={null}]
2020-06-19 11:15:47 INFO  TestBase:57 - Closing Browser
2020-06-19 11:15:52 INFO  TestBase:75 - Browser Closed
2020-06-19 11:15:52 INFO  TestBase:27 - Initiate Browser
2020-06-19 14:33:20 INFO  EmployeeData:21 - row = 4 columns = 7
2020-06-19 14:33:20 INFO  TestBase:27 - Initiate Browser
2020-06-19 14:33:38 INFO  TestBase:34 - Browser Initiated
2020-06-19 14:33:39 INFO  TestBase:39 - successful Login
2020-06-19 14:33:39 INFO  TestBase:52 - Test name: TokiyomasterTest
2020-06-19 14:33:45 INFO  TestBase:80 - Executed test case name:TokiyomasterTest Execution Results : [TestResult name=TokiyomasterTest status=SUCCESS method=EmployeeTest.TokiyomasterTest(java.lang.String, java.lang.String, java.lang.String, java.lang.String, java.lang.String, java.lang.String, java.lang.String)[pri:2, instance:com.test.qa.employee.EmployeeTest@51cdd8a] output={null}]
2020-06-19 14:33:45 INFO  TestBase:57 - Closing Browser
2020-06-19 14:33:50 INFO  TestBase:75 - Browser Closed
2020-06-19 14:33:50 INFO  TestBase:27 - Initiate Browser
2020-06-19 14:34:03 INFO  TestBase:34 - Browser Initiated
2020-06-19 14:34:04 INFO  TestBase:39 - successful Login
2020-06-19 14:34:04 INFO  TestBase:52 - Test name: TokiyomasterTest
2020-06-19 14:34:11 INFO  TestBase:80 - Executed test case name:TokiyomasterTest Execution Results : [TestResult name=TokiyomasterTest status=SUCCESS method=EmployeeTest.TokiyomasterTest(java.lang.String, java.lang.String, java.lang.String, java.lang.String, java.lang.String, java.lang.String, java.lang.String)[pri:2, instance:com.test.qa.employee.EmployeeTest@51cdd8a] output={null}]
2020-06-19 14:34:11 INFO  TestBase:57 - Closing Browser
>>>>>>> d2842f212b217d8c7c24aa6b68ae8e9e3f72332e
=======
2020-06-16 12:54:06 INFO  TestBase:27 - Initiate Browser
2020-06-16 12:54:30 INFO  TestBase:52 - Test name: HrmLoginTest
2020-06-16 12:54:30 INFO  TestBase:72 - Executed test case name:HrmLoginTest Execution Results : [TestResult name={null} status=CREATED method=ConcreteMixTest.HrmLoginTest()[pri:1, instance:com.test.qa.test.concreeteMixTest.ConcreteMixTest@5a1c0542] output={null}]
2020-06-16 12:54:30 INFO  TestBase:57 - Closing Browser
2020-06-16 12:54:46 INFO  TestBase:27 - Initiate Browser
2020-06-16 12:54:51 INFO  TestBase:34 - Browser Initiated
2020-06-16 12:54:52 INFO  TestBase:39 - successful Login
2020-06-16 12:54:52 INFO  TestBase:52 - Test name: HrmLoginTest
2020-06-16 12:56:10 INFO  TestBase:27 - Initiate Browser
2020-06-16 12:56:16 INFO  TestBase:34 - Browser Initiated
2020-06-16 12:56:16 INFO  TestBase:39 - successful Login
2020-06-16 12:56:16 INFO  TestBase:52 - Test name: HrmLoginTest
2020-06-16 12:56:26 INFO  TestBase:72 - Executed test case name:HrmLoginTest Execution Results : [TestResult name=HrmLoginTest status=FAILURE method=ConcreteMixTest.HrmLoginTest()[pri:1, instance:com.test.qa.test.concreeteMixTest.ConcreteMixTest@5a1c0542] output={null}]
2020-06-16 12:56:26 INFO  TestBase:57 - Closing Browser
2020-06-16 12:56:27 INFO  TestBase:67 - Browser Closed
2020-06-16 12:59:51 INFO  TestBase:27 - Initiate Browser
2020-06-16 12:59:56 INFO  TestBase:34 - Browser Initiated
2020-06-16 12:59:56 INFO  TestBase:39 - successful Login
2020-06-16 12:59:56 INFO  TestBase:52 - Test name: HrmLoginTest
2020-06-16 13:00:01 INFO  TestBase:72 - Executed test case name:HrmLoginTest Execution Results : [TestResult name=HrmLoginTest status=FAILURE method=ConcreteMixTest.HrmLoginTest()[pri:1, instance:com.test.qa.test.concreeteMixTest.ConcreteMixTest@5a1c0542] output={null}]
2020-06-16 13:00:01 INFO  TestBase:57 - Closing Browser
2020-06-16 13:00:02 INFO  TestBase:67 - Browser Closed
2020-06-16 13:05:01 INFO  TestBase:27 - Initiate Browser
2020-06-16 13:05:06 INFO  TestBase:34 - Browser Initiated
2020-06-16 13:05:06 INFO  TestBase:39 - successful Login
2020-06-16 13:05:06 INFO  TestBase:52 - Test name: HrmLoginTest
2020-06-16 13:05:11 INFO  TestBase:72 - Executed test case name:HrmLoginTest Execution Results : [TestResult name=HrmLoginTest status=FAILURE method=ConcreteMixTest.HrmLoginTest()[pri:1, instance:com.test.qa.test.concreeteMixTest.ConcreteMixTest@5a1c0542] output={null}]
2020-06-16 13:05:11 INFO  TestBase:57 - Closing Browser
2020-06-16 13:05:12 INFO  TestBase:67 - Browser Closed
2020-06-16 13:07:32 INFO  TestBase:27 - Initiate Browser
2020-06-16 13:07:37 INFO  TestBase:34 - Browser Initiated
2020-06-16 13:07:37 INFO  TestBase:39 - successful Login
2020-06-16 13:07:37 INFO  TestBase:52 - Test name: HrmLoginTest
2020-06-16 13:57:47 INFO  TestBase:72 - Executed test case name:HrmLoginTest Execution Results : [TestResult name=HrmLoginTest status=FAILURE method=ConcreteMixTest.HrmLoginTest()[pri:1, instance:com.test.qa.test.concreeteMixTest.ConcreteMixTest@6895a785] output={null}]
2020-06-16 13:57:47 INFO  TestBase:57 - Closing Browser
2020-06-16 13:57:48 INFO  TestBase:67 - Browser Closed
2020-06-16 13:58:05 INFO  TestBase:27 - Initiate Browser
2020-06-16 13:58:10 INFO  TestBase:34 - Browser Initiated
2020-06-16 13:58:10 INFO  TestBase:39 - successful Login
2020-06-16 13:58:10 INFO  TestBase:52 - Test name: HrmLoginTest
2020-06-16 15:03:00 INFO  TestBase:27 - Initiate Browser
2020-06-16 15:03:09 INFO  TestBase:34 - Browser Initiated
2020-06-16 15:03:09 INFO  TestBase:39 - successful Login
2020-06-16 15:03:09 INFO  TestBase:52 - Test name: HrmLoginTest
2020-06-16 15:19:04 INFO  TestBase:72 - Executed test case name:HrmLoginTest Execution Results : [TestResult name=HrmLoginTest status=SUCCESS method=ConcreteMixTest.HrmLoginTest()[pri:1, instance:com.test.qa.test.concreeteMixTest.ConcreteMixTest@5a1c0542] output={null}]
2020-06-16 15:19:04 INFO  TestBase:57 - Closing Browser
2020-06-16 15:19:05 INFO  TestBase:67 - Browser Closed
>>>>>>> tokyo-001
2020-06-22 16:56:33 INFO  TestBase:27 - Initiate Browser
2020-06-22 16:56:48 INFO  TestBase:34 - Browser Initiated
2020-06-22 16:56:48 INFO  TestBase:39 - successful Login
2020-06-22 16:56:48 INFO  TestBase:51 - Test name: PlantSmokeTest
2020-06-22 16:56:54 INFO  TestBase:65 - Executed test case name:PlantSmokeTest Execution Results : [TestResult name=PlantSmokeTest status=SUCCESS method=PlantTest.PlantSmokeTest()[pri:1, instance:com.test.qa.plant.PlantTest@64d7f7e0] output={null}]
2020-06-22 16:56:54 INFO  TestBase:56 - Closing Browser
2020-06-22 16:56:56 INFO  TestBase:60 - Browser Closed
2020-06-22 16:56:56 INFO  TestBase:27 - Initiate Browser
2020-06-22 16:57:09 INFO  TestBase:34 - Browser Initiated
2020-06-22 16:57:10 INFO  TestBase:39 - successful Login
2020-06-22 16:57:10 INFO  TestBase:51 - Test name: ConcreteMixSmokeTest
2020-06-22 16:57:14 INFO  TestBase:65 - Executed test case name:ConcreteMixSmokeTest Execution Results : [TestResult name=ConcreteMixSmokeTest status=SUCCESS method=ConcreteMixTest.ConcreteMixSmokeTest()[pri:1, instance:com.test.qa.test.concreeteMixTest.ConcreteMixTest@28c4711c] output={null}]
2020-06-22 16:57:14 INFO  TestBase:56 - Closing Browser
2020-06-22 16:57:16 INFO  TestBase:60 - Browser Closed
2020-06-22 16:57:16 INFO  TestBase:27 - Initiate Browser
2020-06-22 16:57:30 INFO  TestBase:34 - Browser Initiated
2020-06-22 16:57:30 INFO  TestBase:39 - successful Login
2020-06-22 16:57:30 INFO  TestBase:51 - Test name: DesignationSmokeTest
2020-06-22 16:57:33 INFO  TestBase:65 - Executed test case name:DesignationSmokeTest Execution Results : [TestResult name=DesignationSmokeTest status=SUCCESS method=DesignationTest.DesignationSmokeTest()[pri:1, instance:com.test.qa.Designation.DesignationTest@59717824] output={null}]
2020-06-22 16:57:33 INFO  TestBase:56 - Closing Browser
2020-06-22 16:57:36 INFO  TestBase:60 - Browser Closed
2020-06-22 16:57:36 INFO  TestBase:27 - Initiate Browser
2020-06-22 16:57:50 INFO  TestBase:34 - Browser Initiated
2020-06-22 16:57:50 INFO  TestBase:39 - successful Login
2020-06-22 16:57:50 INFO  TestBase:51 - Test name: employeeSmokeTest
2020-06-22 16:57:57 INFO  TestBase:65 - Executed test case name:employeeSmokeTest Execution Results : [TestResult name=employeeSmokeTest status=SUCCESS method=EmployeeTest.employeeSmokeTest()[pri:1, instance:com.test.qa.employee.EmployeeTest@146044d7] output={null}]
2020-06-22 16:57:57 INFO  TestBase:56 - Closing Browser
2020-06-22 16:57:59 INFO  TestBase:60 - Browser Closed
2020-06-22 16:57:59 INFO  TestBase:27 - Initiate Browser
2020-06-22 16:58:12 INFO  TestBase:34 - Browser Initiated
2020-06-22 16:58:13 INFO  TestBase:39 - successful Login
2020-06-22 16:58:13 INFO  TestBase:51 - Test name: SupplierCatecorySmokeTest
2020-06-22 16:58:17 INFO  TestBase:65 - Executed test case name:SupplierCatecorySmokeTest Execution Results : [TestResult name=SupplierCatecorySmokeTest status=SUCCESS method=SupplierCatecoryTest.SupplierCatecorySmokeTest()[pri:1, instance:com.test.qa.plant.SupplierCatecoryTest@1e9e725a] output={null}]
2020-06-22 16:58:17 INFO  TestBase:56 - Closing Browser
2020-06-22 16:58:19 INFO  TestBase:60 - Browser Closed
2020-06-22 16:58:19 INFO  TestBase:27 - Initiate Browser
2020-06-22 16:58:32 INFO  TestBase:34 - Browser Initiated
2020-06-22 16:58:32 INFO  TestBase:39 - successful Login
2020-06-22 16:58:32 INFO  TestBase:51 - Test name: supplierSmoketest
2020-06-22 16:58:40 INFO  TestBase:65 - Executed test case name:supplierSmoketest Execution Results : [TestResult name=supplierSmoketest status=SUCCESS method=SupplierTest.supplierSmoketest()[pri:1, instance:com.test.qa.plant.SupplierTest@15d9bc04] output={null}]
2020-06-22 16:58:40 INFO  TestBase:56 - Closing Browser
2020-06-22 16:58:42 INFO  TestBase:60 - Browser Closed
2020-06-23 09:34:30 INFO  TestBase:27 - Initiate Browser
2020-06-23 09:34:45 INFO  TestBase:34 - Browser Initiated
2020-06-23 09:34:46 INFO  TestBase:39 - successful Login
2020-06-23 09:34:46 INFO  TestBase:51 - Test name: customerSmokeTest
2020-06-23 09:34:47 INFO  TestBase:65 - Executed test case name:customerSmokeTest Execution Results : [TestResult name=customerSmokeTest status=FAILURE method=CustomerTest.customerSmokeTest()[pri:1, instance:com.test.qa.Customer.CustomerTest@711f39f9] output={null}]
2020-06-23 09:34:47 INFO  TestBase:56 - Closing Browser
2020-06-23 09:34:50 INFO  TestBase:60 - Browser Closed
2020-06-23 09:36:06 INFO  TestBase:27 - Initiate Browser
2020-06-23 09:36:24 INFO  TestBase:34 - Browser Initiated
2020-06-23 09:36:24 INFO  TestBase:39 - successful Login
2020-06-23 09:36:24 INFO  TestBase:51 - Test name: customerSmokeTest
2020-06-23 09:36:31 INFO  TestBase:65 - Executed test case name:customerSmokeTest Execution Results : [TestResult name=customerSmokeTest status=FAILURE method=CustomerTest.customerSmokeTest()[pri:1, instance:com.test.qa.Customer.CustomerTest@711f39f9] output={null}]
2020-06-23 09:36:31 INFO  TestBase:56 - Closing Browser
2020-06-23 09:36:33 INFO  TestBase:60 - Browser Closed
2020-06-23 09:37:13 INFO  TestBase:27 - Initiate Browser
2020-06-23 09:37:27 INFO  TestBase:34 - Browser Initiated
2020-06-23 09:37:27 INFO  TestBase:51 - Test name: customerSmokeTest
2020-06-23 09:37:27 INFO  TestBase:65 - Executed test case name:customerSmokeTest Execution Results : [TestResult name={null} status=CREATED method=CustomerTest.customerSmokeTest()[pri:1, instance:com.test.qa.Customer.CustomerTest@711f39f9] output={null}]
2020-06-23 09:37:27 INFO  TestBase:56 - Closing Browser
2020-06-23 09:37:29 INFO  TestBase:60 - Browser Closed
2020-06-23 09:39:07 INFO  TestBase:27 - Initiate Browser
2020-06-23 09:39:20 INFO  TestBase:34 - Browser Initiated
2020-06-23 09:39:20 INFO  TestBase:51 - Test name: customerSmokeTest
2020-06-23 09:39:20 INFO  TestBase:65 - Executed test case name:customerSmokeTest Execution Results : [TestResult name={null} status=CREATED method=CustomerTest.customerSmokeTest()[pri:1, instance:com.test.qa.Customer.CustomerTest@26aa12dd] output={null}]
2020-06-23 09:39:20 INFO  TestBase:56 - Closing Browser
2020-06-23 09:39:22 INFO  TestBase:60 - Browser Closed
2020-06-23 09:43:22 INFO  TestBase:27 - Initiate Browser
2020-06-23 09:43:36 INFO  TestBase:34 - Browser Initiated
2020-06-23 09:45:44 INFO  TestBase:27 - Initiate Browser
2020-06-23 09:45:57 INFO  TestBase:34 - Browser Initiated
2020-06-23 09:46:19 INFO  TestBase:51 - Test name: customerSmokeTest
2020-06-23 09:46:19 INFO  TestBase:65 - Executed test case name:customerSmokeTest Execution Results : [TestResult name={null} status=CREATED method=CustomerTest.customerSmokeTest()[pri:1, instance:com.test.qa.Customer.CustomerTest@711f39f9] output={null}]
2020-06-23 09:46:19 INFO  TestBase:56 - Closing Browser
2020-06-23 09:46:21 INFO  TestBase:60 - Browser Closed
2020-06-23 09:57:56 INFO  TestBase:27 - Initiate Browser
2020-06-23 09:58:18 INFO  TestBase:27 - Initiate Browser
2020-06-23 09:58:31 INFO  TestBase:34 - Browser Initiated
2020-06-23 10:01:02 INFO  TestBase:27 - Initiate Browser
2020-06-23 10:01:15 INFO  TestBase:34 - Browser Initiated
2020-06-23 10:01:31 INFO  TestBase:51 - Test name: customerSmokeTest
2020-06-23 10:01:31 INFO  TestBase:65 - Executed test case name:customerSmokeTest Execution Results : [TestResult name={null} status=CREATED method=CustomerTest.customerSmokeTest()[pri:1, instance:com.test.qa.Customer.CustomerTest@711f39f9] output={null}]
2020-06-23 10:01:31 INFO  TestBase:56 - Closing Browser
2020-06-23 10:01:33 INFO  TestBase:60 - Browser Closed
2020-06-23 10:01:35 INFO  TestBase:51 - Test name: RoleSmokeTest
2020-06-23 10:01:35 INFO  TestBase:65 - Executed test case name:RoleSmokeTest Execution Results : [TestResult name={null} status=CREATED method=RoleTest.RoleSmokeTest()[pri:1, instance:com.test.qa.Role.RoleTest@23faf8f2] output={null}]
2020-06-23 10:01:35 INFO  TestBase:56 - Closing Browser
2020-06-23 10:01:36 INFO  TestBase:60 - Browser Closed
2020-06-23 10:15:00 INFO  TestBase:27 - Initiate Browser
2020-06-23 10:15:15 INFO  TestBase:34 - Browser Initiated
2020-06-23 11:07:57 INFO  PlantData:21 - row = 2 columns = 6
2020-06-23 11:07:57 INFO  TestBase:54 - Closing Browser
2020-06-23 11:07:57 INFO  TestBase:58 - Browser Closed
2020-06-23 11:09:52 INFO  TestBase:25 - Initiate Browser
2020-06-23 11:10:06 INFO  TestBase:32 - Browser Initiated
2020-06-23 13:00:23 INFO  TestBase:49 - Test name: PlantSmokeTest
2020-06-23 13:00:23 INFO  TestBase:63 - Executed test case name:PlantSmokeTest Execution Results : [TestResult name={null} status=CREATED method=PlantTest.PlantSmokeTest()[pri:1, instance:com.test.qa.plant.PlantTest@71bbf57e] output={null}]
2020-06-23 13:00:23 INFO  TestBase:54 - Closing Browser
2020-06-23 13:00:23 INFO  TestBase:58 - Browser Closed
2020-06-23 13:23:47 INFO  TestBase:25 - Initiate Browser
2020-06-23 13:24:01 INFO  TestBase:32 - Browser Initiated
2020-06-23 13:24:23 INFO  TestBase:49 - Test name: MaterialCategorySmokeTest
2020-06-23 13:24:23 INFO  TestBase:63 - Executed test case name:MaterialCategorySmokeTest Execution Results : [TestResult name={null} status=CREATED method=MaterialCategoryTest.MaterialCategorySmokeTest()[pri:1, instance:com.test.qa.category.MaterialCategoryTest@7f13d6e] output={null}]
2020-06-23 13:24:23 INFO  TestBase:54 - Closing Browser
2020-06-23 13:24:23 INFO  TestBase:58 - Browser Closed
2020-06-23 15:06:21 INFO  TestBase:25 - Initiate Browser
2020-06-23 15:06:39 INFO  TestBase:32 - Browser Initiated
2020-06-23 15:06:39 INFO  TestBase:37 - successful Login
2020-06-23 15:06:39 INFO  TestBase:49 - Test name: PlantSmokeTest
2020-06-23 15:06:46 INFO  TestBase:63 - Executed test case name:PlantSmokeTest Execution Results : [TestResult name=PlantSmokeTest status=SUCCESS method=PlantTest.PlantSmokeTest()[pri:1, instance:com.test.qa.plant.PlantTest@797badd3] output={null}]
2020-06-23 15:06:46 INFO  TestBase:25 - Initiate Browser
2020-06-23 15:07:03 INFO  TestBase:32 - Browser Initiated
2020-06-23 15:07:03 INFO  TestBase:37 - successful Login
2020-06-23 15:07:03 INFO  TestBase:49 - Test name: employeeSmokeTest
2020-06-23 15:07:13 INFO  TestBase:63 - Executed test case name:employeeSmokeTest Execution Results : [TestResult name=employeeSmokeTest status=SUCCESS method=EmployeeTest.employeeSmokeTest()[pri:1, instance:com.test.qa.employee.EmployeeTest@dd3b207] output={null}]
2020-06-23 15:07:13 INFO  TestBase:25 - Initiate Browser
2020-06-23 15:07:28 INFO  TestBase:32 - Browser Initiated
2020-06-23 15:07:29 INFO  TestBase:37 - successful Login
2020-06-23 15:07:29 INFO  TestBase:49 - Test name: ConcreteMixSmokeTest
2020-06-23 15:07:34 INFO  TestBase:63 - Executed test case name:ConcreteMixSmokeTest Execution Results : [TestResult name=ConcreteMixSmokeTest status=SUCCESS method=ConcreteMixTest.ConcreteMixSmokeTest()[pri:1, instance:com.test.qa.test.concreeteMixTest.ConcreteMixTest@23a5fd2] output={null}]
2020-06-23 15:07:34 INFO  TestBase:25 - Initiate Browser
2020-06-23 15:07:48 INFO  TestBase:32 - Browser Initiated
2020-06-23 15:07:49 INFO  TestBase:37 - successful Login
2020-06-23 15:07:49 INFO  TestBase:49 - Test name: SupplierCatecorySmokeTest
2020-06-24 09:43:20 INFO  TestBase:25 - Initiate Browser
2020-06-24 09:43:35 INFO  TestBase:32 - Browser Initiated
2020-06-24 09:43:36 INFO  TestBase:37 - successful Login
2020-06-24 09:43:36 INFO  TestBase:49 - Test name: siteProjectSmokeTest
2020-06-24 09:43:56 INFO  TestBase:63 - Executed test case name:siteProjectSmokeTest Execution Results : [TestResult name=siteProjectSmokeTest status=FAILURE method=SiteProjectTest.siteProjectSmokeTest()[pri:1, instance:com.test.qa.Site.SiteProjectTest@26aa12dd] output={null}]
2020-06-24 09:43:56 INFO  TestBase:54 - Closing Browser
2020-06-24 09:43:56 INFO  TestBase:58 - Browser Closed
2020-06-24 09:44:58 INFO  TestBase:25 - Initiate Browser
2020-06-24 09:45:12 INFO  TestBase:32 - Browser Initiated
2020-06-24 09:45:13 INFO  TestBase:37 - successful Login
2020-06-24 09:45:13 INFO  TestBase:49 - Test name: PlantSmokeTest
2020-06-24 09:45:19 INFO  TestBase:63 - Executed test case name:PlantSmokeTest Execution Results : [TestResult name=PlantSmokeTest status=SUCCESS method=PlantTest.PlantSmokeTest()[pri:1, instance:com.test.qa.plant.PlantTest@797badd3] output={null}]
2020-06-24 09:45:19 INFO  TestBase:25 - Initiate Browser
2020-06-24 09:45:33 INFO  TestBase:32 - Browser Initiated
2020-06-24 09:45:34 INFO  TestBase:37 - successful Login
2020-06-24 09:45:34 INFO  TestBase:49 - Test name: employeeSmokeTest
2020-06-24 09:45:41 INFO  TestBase:63 - Executed test case name:employeeSmokeTest Execution Results : [TestResult name=employeeSmokeTest status=SUCCESS method=EmployeeTest.employeeSmokeTest()[pri:1, instance:com.test.qa.employee.EmployeeTest@dd3b207] output={null}]
2020-06-24 09:45:41 INFO  TestBase:25 - Initiate Browser
2020-06-24 09:45:57 INFO  TestBase:32 - Browser Initiated
2020-06-24 09:45:58 INFO  TestBase:37 - successful Login
2020-06-24 09:45:58 INFO  TestBase:49 - Test name: ConcreteMixSmokeTest
2020-06-24 09:46:02 INFO  TestBase:63 - Executed test case name:ConcreteMixSmokeTest Execution Results : [TestResult name=ConcreteMixSmokeTest status=SUCCESS method=ConcreteMixTest.ConcreteMixSmokeTest()[pri:1, instance:com.test.qa.test.concreeteMixTest.ConcreteMixTest@23a5fd2] output={null}]
2020-06-24 09:46:02 INFO  TestBase:25 - Initiate Browser
2020-06-24 09:46:17 INFO  TestBase:32 - Browser Initiated
2020-06-24 09:46:18 INFO  TestBase:37 - successful Login
2020-06-24 09:46:18 INFO  TestBase:49 - Test name: SupplierCatecorySmokeTest
2020-06-24 09:50:36 INFO  TestBase:25 - Initiate Browser
2020-06-24 09:50:51 INFO  TestBase:32 - Browser Initiated
2020-06-24 09:50:52 INFO  TestBase:37 - successful Login
2020-06-24 09:50:52 INFO  TestBase:49 - Test name: RoleSmokeTest
2020-06-24 09:50:56 INFO  TestBase:63 - Executed test case name:RoleSmokeTest Execution Results : [TestResult name=RoleSmokeTest status=SUCCESS method=RoleTest.RoleSmokeTest()[pri:1, instance:com.test.qa.Role.RoleTest@71bbf57e] output={null}]
2020-06-24 09:50:56 INFO  TestBase:54 - Closing Browser
2020-06-24 09:50:56 INFO  TestBase:58 - Browser Closed
2020-06-24 09:52:47 INFO  TestBase:25 - Initiate Browser
2020-06-24 09:53:01 INFO  TestBase:32 - Browser Initiated
2020-06-24 09:53:02 INFO  TestBase:37 - successful Login
2020-06-24 09:53:02 INFO  TestBase:49 - Test name: RoleSmokeTest
2020-06-24 09:53:05 INFO  TestBase:63 - Executed test case name:RoleSmokeTest Execution Results : [TestResult name=RoleSmokeTest status=SUCCESS method=RoleTest.RoleSmokeTest()[pri:1, instance:com.test.qa.Role.RoleTest@51cdd8a] output={null}]
2020-06-24 09:53:05 INFO  TestBase:54 - Closing Browser
2020-06-24 09:53:05 INFO  TestBase:58 - Browser Closed
2020-06-24 11:09:22 INFO  TestBase:25 - Initiate Browser
2020-06-24 11:09:37 INFO  TestBase:32 - Browser Initiated
2020-06-24 11:09:38 INFO  TestBase:37 - successful Login
2020-06-24 11:09:38 INFO  TestBase:49 - Test name: PourName
2020-06-24 11:09:57 INFO  TestBase:63 - Executed test case name:PourName Execution Results : [TestResult name=PourName status=FAILURE method=SiteProjectPourTest.PourName()[pri:1, instance:com.test.qa.Site.SiteProjectPourTest@711f39f9] output={null}]
2020-06-24 11:09:58 INFO  TestBase:54 - Closing Browser
2020-06-24 11:09:58 INFO  TestBase:58 - Browser Closed
2020-06-24 11:13:14 INFO  TestBase:25 - Initiate Browser
2020-06-24 11:13:28 INFO  TestBase:32 - Browser Initiated
2020-06-24 11:13:28 INFO  TestBase:37 - successful Login
2020-06-24 11:13:28 INFO  TestBase:49 - Test name: employeeSmokeTest
2020-06-24 11:13:39 INFO  TestBase:63 - Executed test case name:employeeSmokeTest Execution Results : [TestResult name=employeeSmokeTest status=SUCCESS method=EmployeeTest.employeeSmokeTest()[pri:1, instance:com.test.qa.employee.EmployeeTest@51cdd8a] output={null}]
2020-06-24 11:13:39 INFO  TestBase:54 - Closing Browser
2020-06-24 11:13:39 INFO  TestBase:58 - Browser Closed
2020-06-24 11:14:11 INFO  TestBase:25 - Initiate Browser
2020-06-24 11:14:25 INFO  TestBase:32 - Browser Initiated
2020-06-24 11:14:26 INFO  TestBase:37 - successful Login
2020-06-24 11:14:26 INFO  TestBase:49 - Test name: StateSmokeTest
2020-06-24 11:15:52 INFO  TestBase:25 - Initiate Browser
2020-06-24 11:16:06 INFO  TestBase:32 - Browser Initiated
2020-06-24 11:16:07 INFO  TestBase:37 - successful Login
2020-06-24 11:16:07 INFO  TestBase:49 - Test name: MaterialCategorySmokeTest
2020-06-24 11:16:15 INFO  TestBase:63 - Executed test case name:MaterialCategorySmokeTest Execution Results : [TestResult name=MaterialCategorySmokeTest status=FAILURE method=MaterialCategoryTest.MaterialCategorySmokeTest()[pri:1, instance:com.test.qa.category.MaterialCategoryTest@7f13d6e] output={null}]
2020-06-24 11:16:15 INFO  TestBase:54 - Closing Browser
2020-06-24 11:16:15 INFO  TestBase:58 - Browser Closed
2020-06-24 11:16:26 INFO  TestBase:25 - Initiate Browser
2020-06-24 11:16:41 INFO  TestBase:32 - Browser Initiated
2020-06-24 11:16:41 INFO  TestBase:37 - successful Login
2020-06-24 11:16:41 INFO  TestBase:49 - Test name: employeeSmokeTest
2020-06-24 11:16:53 INFO  TestBase:63 - Executed test case name:employeeSmokeTest Execution Results : [TestResult name=employeeSmokeTest status=SUCCESS method=EmployeeTest.employeeSmokeTest()[pri:1, instance:com.test.qa.employee.EmployeeTest@51cdd8a] output={null}]
2020-06-24 11:16:53 INFO  TestBase:54 - Closing Browser
2020-06-24 11:16:53 INFO  TestBase:58 - Browser Closed
2020-06-24 11:20:10 INFO  TestBase:25 - Initiate Browser
2020-06-24 11:20:24 INFO  TestBase:32 - Browser Initiated
2020-06-24 11:20:25 INFO  TestBase:37 - successful Login
2020-06-24 11:20:25 INFO  TestBase:49 - Test name: ConcreteMixSmokeTest
2020-06-24 11:20:30 INFO  TestBase:63 - Executed test case name:ConcreteMixSmokeTest Execution Results : [TestResult name=ConcreteMixSmokeTest status=SUCCESS method=ConcreteMixTest.ConcreteMixSmokeTest()[pri:1, instance:com.test.qa.test.concreeteMixTest.ConcreteMixTest@26aa12dd] output={null}]
2020-06-24 11:20:30 INFO  TestBase:54 - Closing Browser
2020-06-24 11:20:30 INFO  TestBase:58 - Browser Closed
2020-06-24 11:20:59 INFO  TestBase:25 - Initiate Browser
2020-06-24 11:21:13 INFO  TestBase:32 - Browser Initiated
2020-06-24 11:21:14 INFO  TestBase:37 - successful Login
2020-06-24 11:21:14 INFO  TestBase:49 - Test name: MaterialCategorySmokeTest
2020-06-24 11:23:25 INFO  TestBase:25 - Initiate Browser
2020-06-24 11:23:41 INFO  TestBase:32 - Browser Initiated
2020-06-24 11:23:42 INFO  TestBase:37 - successful Login
2020-06-24 11:23:42 INFO  TestBase:49 - Test name: MaterialCategorySmokeTest
2020-06-24 11:24:13 INFO  TestBase:25 - Initiate Browser
2020-06-24 11:24:28 INFO  TestBase:32 - Browser Initiated
2020-06-24 11:24:28 INFO  TestBase:37 - successful Login
2020-06-24 11:24:28 INFO  TestBase:49 - Test name: MaterialCategorySmokeTest
2020-06-24 11:25:26 INFO  TestBase:63 - Executed test case name:MaterialCategorySmokeTest Execution Results : [TestResult name=MaterialCategorySmokeTest status=FAILURE method=MaterialCategoryTest.MaterialCategorySmokeTest()[pri:1, instance:com.test.qa.category.MaterialCategoryTest@7f13d6e] output={null}]
2020-06-24 11:25:26 INFO  TestBase:54 - Closing Browser
2020-06-24 11:25:26 INFO  TestBase:58 - Browser Closed
2020-06-24 11:25:41 INFO  TestBase:63 - Executed test case name:StateSmokeTest Execution Results : [TestResult name=StateSmokeTest status=FAILURE method=MaterialsTest.StateSmokeTest()[pri:1, instance:com.test.qa.MaterialStateTest.MaterialsTest@711f39f9] output={null}]
2020-06-24 11:25:41 INFO  TestBase:54 - Closing Browser
2020-06-24 11:25:41 INFO  TestBase:58 - Browser Closed
2020-06-25 09:08:15 INFO  TestBase:25 - Initiate Browser
2020-06-25 09:08:30 INFO  TestBase:32 - Browser Initiated
2020-06-25 09:08:30 INFO  TestBase:37 - successful Login
2020-06-25 09:08:30 INFO  TestBase:49 - Test name: employeeSmokeTest
2020-06-25 09:08:56 INFO  TestBase:63 - Executed test case name:employeeSmokeTest Execution Results : [TestResult name=employeeSmokeTest status=FAILURE method=EmployeeTest.employeeSmokeTest()[pri:1, instance:com.test.qa.employee.EmployeeTest@51cdd8a] output={null}]
2020-06-25 09:08:56 INFO  TestBase:54 - Closing Browser
2020-06-25 09:08:56 INFO  TestBase:58 - Browser Closed
2020-06-25 09:09:00 INFO  TestBase:25 - Initiate Browser
2020-06-25 09:09:14 INFO  TestBase:32 - Browser Initiated
2020-06-25 09:09:14 INFO  TestBase:37 - successful Login
2020-06-25 09:09:15 INFO  TestBase:49 - Test name: employeeSmokeTest
2020-06-25 09:09:44 INFO  TestBase:63 - Executed test case name:employeeSmokeTest Execution Results : [TestResult name=employeeSmokeTest status=FAILURE method=EmployeeTest.employeeSmokeTest()[pri:1, instance:com.test.qa.employee.EmployeeTest@d44fc21] output={null}]
2020-06-25 09:09:44 INFO  TestBase:54 - Closing Browser
2020-06-25 09:09:44 INFO  TestBase:58 - Browser Closed
2020-06-25 09:35:48 INFO  TestBase:25 - Initiate Browser
2020-06-25 09:36:01 INFO  TestBase:32 - Browser Initiated
2020-06-25 09:36:01 INFO  TestBase:37 - successful Login
2020-06-25 09:36:01 INFO  TestBase:49 - Test name: employeeSmokeTest
2020-06-25 09:36:15 INFO  TestBase:63 - Executed test case name:employeeSmokeTest Execution Results : [TestResult name=employeeSmokeTest status=FAILURE method=EmployeeTest.employeeSmokeTest()[pri:1, instance:com.test.qa.employee.EmployeeTest@4e7dc304] output={null}]
2020-06-25 09:36:15 INFO  TestBase:54 - Closing Browser
2020-06-25 09:36:15 INFO  TestBase:58 - Browser Closed
2020-06-25 09:36:38 INFO  TestBase:25 - Initiate Browser
2020-06-25 09:36:51 INFO  TestBase:32 - Browser Initiated
2020-06-25 09:36:51 INFO  TestBase:37 - successful Login
2020-06-25 09:36:51 INFO  TestBase:49 - Test name: PlantSmokeTest
2020-06-25 09:37:07 INFO  TestBase:63 - Executed test case name:PlantSmokeTest Execution Results : [TestResult name=PlantSmokeTest status=FAILURE method=PlantTest.PlantSmokeTest()[pri:1, instance:com.test.qa.plant.PlantTest@d44fc21] output={null}]
2020-06-25 09:37:07 INFO  TestBase:54 - Closing Browser
2020-06-25 09:37:07 INFO  TestBase:58 - Browser Closed
2020-06-25 09:43:29 INFO  TestBase:25 - Initiate Browser
2020-06-25 09:43:41 INFO  TestBase:32 - Browser Initiated
2020-06-25 09:43:41 INFO  TestBase:37 - successful Login
2020-06-25 09:43:41 INFO  TestBase:49 - Test name: PlantSmokeTest
2020-06-25 09:44:19 INFO  TestBase:63 - Executed test case name:PlantSmokeTest Execution Results : [TestResult name=PlantSmokeTest status=FAILURE method=PlantTest.PlantSmokeTest()[pri:1, instance:com.test.qa.plant.PlantTest@2d6eabae] output={null}]
2020-06-25 09:44:19 INFO  TestBase:54 - Closing Browser
2020-06-25 09:44:19 INFO  TestBase:58 - Browser Closed
2020-06-25 09:44:32 INFO  TestBase:25 - Initiate Browser
2020-06-25 09:44:45 INFO  TestBase:32 - Browser Initiated
2020-06-25 09:44:45 INFO  TestBase:37 - successful Login
2020-06-25 09:44:45 INFO  TestBase:49 - Test name: PlantSmokeTest
2020-06-25 09:44:48 INFO  TestBase:63 - Executed test case name:PlantSmokeTest Execution Results : [TestResult name=PlantSmokeTest status=FAILURE method=PlantTest.PlantSmokeTest()[pri:1, instance:com.test.qa.plant.PlantTest@2d6eabae] output={null}]
2020-06-25 09:44:48 INFO  TestBase:54 - Closing Browser
2020-06-25 09:44:48 INFO  TestBase:58 - Browser Closed
2020-06-25 10:09:49 INFO  TestBase:54 - Closing Browser
2020-06-25 10:09:49 INFO  TestBase:58 - Browser Closed
2020-06-25 11:01:56 INFO  TestBase:25 - Initiate Browser
2020-06-25 11:03:20 INFO  TestBase:32 - Browser Initiated
2020-06-25 11:03:41 INFO  TestBase:25 - Initiate Browser
2020-06-25 11:06:02 INFO  TestBase:32 - Browser Initiated
2020-07-08 10:10:18 INFO  TestBase:25 - Initiate Browser
2020-07-08 10:10:51 INFO  TestBase:32 - Browser Initiated
2020-07-08 10:12:20 INFO  TestBase:25 - Initiate Browser
2020-07-08 10:12:34 INFO  TestBase:32 - Browser Initiated
2020-07-08 10:12:34 INFO  TestBase:37 - successful Login
2020-07-08 10:12:34 INFO  TestBase:49 - Test name: PlantSmokeTest
2020-07-08 10:12:58 INFO  TestBase:63 - Executed test case name:PlantSmokeTest Execution Results : [TestResult name=PlantSmokeTest status=FAILURE method=PlantTest.PlantSmokeTest()[pri:1, instance:com.test.qa.plant.PlantTest@23faf8f2] output={null}]
2020-07-08 10:12:58 INFO  TestBase:54 - Closing Browser
2020-07-08 10:12:58 INFO  TestBase:58 - Browser Closed
2020-07-08 10:15:49 INFO  TestBase:25 - Initiate Browser
2020-07-08 10:16:03 INFO  TestBase:32 - Browser Initiated
2020-07-08 10:16:03 INFO  TestBase:37 - successful Login
2020-07-08 10:16:03 INFO  TestBase:49 - Test name: PlantSmokeTest
2020-07-08 10:56:03 INFO  TestBase:63 - Executed test case name:PlantSmokeTest Execution Results : [TestResult name=PlantSmokeTest status=FAILURE method=PlantTest.PlantSmokeTest()[pri:1, instance:com.test.qa.plant.PlantTest@23faf8f2] output={null}]
2020-07-08 10:56:03 INFO  TestBase:54 - Closing Browser
2020-07-08 10:56:05 INFO  TestBase:58 - Browser Closed
2020-07-08 10:56:58 INFO  TestBase:25 - Initiate Browser
2020-07-08 10:57:12 INFO  TestBase:32 - Browser Initiated
2020-07-08 10:57:12 INFO  TestBase:37 - successful Login
2020-07-08 10:57:12 INFO  TestBase:49 - Test name: PlantSmokeTest
2020-07-08 11:03:32 INFO  TestBase:25 - Initiate Browser
2020-07-08 11:03:46 INFO  TestBase:32 - Browser Initiated
2020-07-08 11:03:46 INFO  TestBase:37 - successful Login
2020-07-08 11:03:46 INFO  TestBase:49 - Test name: PlantSmokeTest
2020-07-08 11:05:16 INFO  TestBase:63 - Executed test case name:PlantSmokeTest Execution Results : [TestResult name=PlantSmokeTest status=FAILURE method=PlantTest.PlantSmokeTest()[pri:1, instance:com.test.qa.plant.PlantTest@23faf8f2] output={null}]
2020-07-08 11:05:16 INFO  TestBase:54 - Closing Browser
2020-07-08 11:05:18 INFO  TestBase:58 - Browser Closed
2020-07-08 11:06:09 INFO  TestBase:25 - Initiate Browser
2020-07-08 11:06:23 INFO  TestBase:32 - Browser Initiated
2020-07-08 11:06:23 INFO  TestBase:37 - successful Login
2020-07-08 11:06:23 INFO  TestBase:49 - Test name: PlantSmokeTest
2020-07-08 11:07:38 INFO  TestBase:25 - Initiate Browser
2020-07-08 11:07:51 INFO  TestBase:32 - Browser Initiated
2020-07-08 11:07:51 INFO  TestBase:37 - successful Login
2020-07-08 11:07:51 INFO  TestBase:49 - Test name: PlantSmokeTest
2020-07-08 11:08:05 INFO  TestBase:63 - Executed test case name:PlantSmokeTest Execution Results : [TestResult name=PlantSmokeTest status=FAILURE method=PlantTest.PlantSmokeTest()[pri:1, instance:com.test.qa.plant.PlantTest@23faf8f2] output={null}]
2020-07-08 11:08:05 INFO  TestBase:54 - Closing Browser
2020-07-08 11:08:07 INFO  TestBase:58 - Browser Closed
2020-07-08 11:18:48 INFO  TestBase:25 - Initiate Browser
2020-07-08 11:19:01 INFO  TestBase:32 - Browser Initiated
2020-07-08 11:19:01 INFO  TestBase:37 - successful Login
2020-07-08 11:19:02 INFO  TestBase:49 - Test name: PlantSmokeTest
2020-07-08 11:21:31 INFO  LoginData:22 - row = 6 columns = 4
2020-07-08 11:21:32 INFO  TestBase:25 - Initiate Browser
2020-07-08 11:21:46 INFO  TestBase:32 - Browser Initiated
2020-07-08 11:21:46 INFO  TestBase:37 - successful Login
2020-07-08 11:21:46 INFO  TestBase:49 - Test name: LoginTest
2020-07-08 11:21:46 INFO  LoginTest:22 - Login success
2020-07-08 11:21:46 INFO  TestBase:63 - Executed test case name:LoginTest Execution Results : [TestResult name=LoginTest status=SUCCESS method=LoginTest.LoginTest(java.lang.String, java.lang.String, java.lang.String, java.lang.String)[pri:1, instance:com.test.qa.test.LoginTest@51cdd8a] output={null}]
2020-07-08 11:21:46 INFO  TestBase:25 - Initiate Browser
2020-07-08 11:21:59 INFO  TestBase:32 - Browser Initiated
2020-07-08 11:22:00 INFO  TestBase:37 - successful Login
2020-07-08 11:22:00 INFO  TestBase:49 - Test name: LoginTest
2020-07-08 11:22:00 INFO  TestBase:63 - Executed test case name:LoginTest Execution Results : [TestResult name=LoginTest status=FAILURE method=LoginTest.LoginTest(java.lang.String, java.lang.String, java.lang.String, java.lang.String)[pri:1, instance:com.test.qa.test.LoginTest@51cdd8a] output={null}]
2020-07-08 11:22:00 INFO  TestBase:25 - Initiate Browser
2020-07-08 11:31:59 INFO  TestBase:25 - Initiate Browser
2020-07-08 11:32:13 INFO  TestBase:32 - Browser Initiated
2020-07-08 11:32:13 INFO  TestBase:37 - successful Login
2020-07-08 11:32:13 INFO  TestBase:49 - Test name: PlantSmokeTest
2020-07-08 11:34:45 INFO  TestBase:63 - Executed test case name:PlantSmokeTest Execution Results : [TestResult name=PlantSmokeTest status=FAILURE method=PlantTest.PlantSmokeTest()[pri:1, instance:com.test.qa.plant.PlantTest@2d6eabae] output={null}]
2020-07-08 11:34:45 INFO  TestBase:54 - Closing Browser
2020-07-08 11:34:47 INFO  TestBase:58 - Browser Closed
2020-07-08 11:35:14 INFO  TestBase:25 - Initiate Browser
2020-07-08 11:35:28 INFO  TestBase:32 - Browser Initiated
2020-07-08 11:35:28 INFO  TestBase:37 - successful Login
2020-07-08 11:35:28 INFO  TestBase:49 - Test name: PlantSmokeTest
2020-07-08 11:35:31 INFO  TestBase:63 - Executed test case name:PlantSmokeTest Execution Results : [TestResult name=PlantSmokeTest status=SUCCESS method=PlantTest.PlantSmokeTest()[pri:1, instance:com.test.qa.plant.PlantTest@2d6eabae] output={null}]
2020-07-08 11:35:31 INFO  TestBase:54 - Closing Browser
2020-07-08 11:35:33 INFO  TestBase:58 - Browser Closed
2020-07-08 11:36:35 INFO  TestBase:25 - Initiate Browser
2020-07-08 11:36:48 INFO  TestBase:32 - Browser Initiated
2020-07-08 11:36:49 INFO  TestBase:37 - successful Login
2020-07-08 11:36:49 INFO  TestBase:49 - Test name: PlantSmokeTest
2020-07-08 11:36:51 INFO  TestBase:63 - Executed test case name:PlantSmokeTest Execution Results : [TestResult name=PlantSmokeTest status=SUCCESS method=PlantTest.PlantSmokeTest()[pri:1, instance:com.test.qa.plant.PlantTest@d44fc21] output={null}]
2020-07-08 11:36:51 INFO  TestBase:54 - Closing Browser
2020-07-08 11:36:54 INFO  TestBase:58 - Browser Closed
2020-07-08 11:38:31 INFO  TestBase:25 - Initiate Browser
2020-07-08 11:38:46 INFO  TestBase:32 - Browser Initiated
2020-07-08 11:38:46 INFO  TestBase:37 - successful Login
2020-07-08 11:38:46 INFO  TestBase:49 - Test name: PlantSmokeTest
2020-07-08 11:40:48 INFO  TestBase:25 - Initiate Browser
2020-07-08 11:41:01 INFO  TestBase:32 - Browser Initiated
2020-07-08 11:41:01 INFO  TestBase:37 - successful Login
2020-07-08 11:41:01 INFO  TestBase:49 - Test name: PlantSmokeTest
2020-07-08 11:41:04 INFO  TestBase:63 - Executed test case name:PlantSmokeTest Execution Results : [TestResult name=PlantSmokeTest status=SUCCESS method=PlantTest.PlantSmokeTest()[pri:1, instance:com.test.qa.plant.PlantTest@2d6eabae] output={null}]
2020-07-08 11:41:04 INFO  TestBase:54 - Closing Browser
2020-07-08 11:41:06 INFO  TestBase:58 - Browser Closed
2020-07-08 11:45:48 INFO  TestBase:54 - Closing Browser
2020-07-08 11:46:41 INFO  TestBase:25 - Initiate Browser
2020-07-08 11:46:56 INFO  TestBase:32 - Browser Initiated
2020-07-08 11:46:56 INFO  TestBase:37 - successful Login
2020-07-08 11:46:56 INFO  TestBase:49 - Test name: PlantSmokeTest
2020-07-08 11:47:00 INFO  TestBase:63 - Executed test case name:PlantSmokeTest Execution Results : [TestResult name=PlantSmokeTest status=SUCCESS method=PlantTest.PlantSmokeTest()[pri:1, instance:com.test.qa.plant.PlantTest@77be656f] output={null}]
2020-07-08 11:47:00 INFO  TestBase:25 - Initiate Browser
2020-07-08 11:47:14 INFO  TestBase:32 - Browser Initiated
2020-07-08 11:47:14 INFO  TestBase:37 - successful Login
2020-07-08 11:47:14 INFO  TestBase:49 - Test name: employeeSmokeTest
2020-07-08 11:48:36 INFO  TestBase:25 - Initiate Browser
2020-07-08 11:48:50 INFO  TestBase:32 - Browser Initiated
2020-07-08 11:48:50 INFO  TestBase:37 - successful Login
2020-07-08 11:48:50 INFO  TestBase:49 - Test name: PlantSmokeTest
2020-07-08 11:48:54 INFO  TestBase:63 - Executed test case name:PlantSmokeTest Execution Results : [TestResult name=PlantSmokeTest status=SUCCESS method=PlantTest.PlantSmokeTest()[pri:1, instance:com.test.qa.plant.PlantTest@711f39f9] output={null}]
2020-07-08 11:48:55 INFO  TestBase:54 - Closing Browser
2020-07-08 11:48:57 INFO  TestBase:58 - Browser Closed
2020-07-08 11:49:41 INFO  TestBase:54 - Closing Browser
2020-07-08 11:49:50 INFO  TestBase:25 - Initiate Browser
2020-07-08 11:50:04 INFO  TestBase:32 - Browser Initiated
2020-07-08 11:50:05 INFO  TestBase:37 - successful Login
2020-07-08 11:50:05 INFO  TestBase:49 - Test name: PlantSmokeTest
2020-07-08 11:50:08 INFO  TestBase:63 - Executed test case name:PlantSmokeTest Execution Results : [TestResult name=PlantSmokeTest status=SUCCESS method=PlantTest.PlantSmokeTest()[pri:1, instance:com.test.qa.plant.PlantTest@7f13d6e] output={null}]
2020-07-08 11:50:09 INFO  TestBase:54 - Closing Browser
2020-07-08 11:50:11 INFO  TestBase:58 - Browser Closed
2020-07-08 11:56:06 INFO  PlantData:25 - row = 2 columns = 6
2020-07-08 11:56:06 INFO  TestBase:54 - Closing Browser
2020-07-08 11:59:32 INFO  PlantData:25 - row = 2 columns = 6
2020-07-08 11:59:32 INFO  TestBase:54 - Closing Browser
2020-07-08 12:01:05 INFO  PlantData:25 - row = 2 columns = 6
2020-07-08 12:01:05 INFO  TestBase:54 - Closing Browser
2020-07-08 12:01:05 INFO  TestBase:58 - Browser Closed
2020-07-08 12:17:01 INFO  PlantData:25 - row = 2 columns = 6
2020-07-08 12:17:01 INFO  TestBase:54 - Closing Browser
2020-07-08 12:17:01 INFO  TestBase:58 - Browser Closed
2020-07-08 13:29:28 INFO  PlantData:25 - row = 3 columns = 6
2020-07-08 13:29:28 INFO  TestBase:54 - Closing Browser
2020-07-08 13:30:00 INFO  PlantData:25 - row = 3 columns = 6
2020-07-08 13:30:00 INFO  TestBase:54 - Closing Browser
2020-07-08 13:30:00 INFO  TestBase:58 - Browser Closed
2020-07-08 13:31:05 INFO  PlantData:25 - row = 3 columns = 6
2020-07-08 13:31:05 INFO  TestBase:54 - Closing Browser
2020-07-08 13:31:05 INFO  TestBase:58 - Browser Closed
2020-07-08 13:38:19 INFO  PlantData:25 - row = 3 columns = 6
2020-07-08 13:38:19 INFO  TestBase:54 - Closing Browser
2020-07-08 13:38:19 INFO  TestBase:58 - Browser Closed
2020-07-08 13:43:24 INFO  PlantData:25 - row = 3 columns = 6
2020-07-08 13:43:24 INFO  TestBase:54 - Closing Browser
2020-07-08 13:43:24 INFO  TestBase:58 - Browser Closed
2020-07-08 13:46:59 INFO  PlantData:25 - row = 3 columns = 1
2020-07-08 13:46:59 INFO  TestBase:25 - Initiate Browser
2020-07-08 13:47:14 INFO  TestBase:32 - Browser Initiated
2020-07-08 13:47:14 INFO  TestBase:37 - successful Login
2020-07-08 13:47:14 INFO  TestBase:49 - Test name: TokiyomasterTest
2020-07-08 13:47:18 INFO  TestBase:63 - Executed test case name:TokiyomasterTest Execution Results : [TestResult name=TokiyomasterTest status=SUCCESS method=PlantTest.TokiyomasterTest(java.lang.String)[pri:1, instance:com.test.qa.plant.PlantTest@51cdd8a] output={null}]
2020-07-08 13:47:18 INFO  TestBase:25 - Initiate Browser
2020-07-08 13:47:35 INFO  TestBase:49 - Test name: TokiyomasterTest
2020-07-08 13:47:35 INFO  TestBase:63 - Executed test case name:TokiyomasterTest Execution Results : [TestResult name={null} status=CREATED method=PlantTest.TokiyomasterTest(java.lang.String)[pri:1, instance:com.test.qa.plant.PlantTest@51cdd8a] output={null}]
2020-07-08 13:47:35 INFO  TestBase:25 - Initiate Browser
2020-07-08 13:54:11 INFO  PlantData:25 - row = 3 columns = 6
2020-07-08 13:54:11 INFO  TestBase:25 - Initiate Browser
2020-07-08 13:54:26 INFO  TestBase:32 - Browser Initiated
2020-07-08 13:54:27 INFO  TestBase:37 - successful Login
2020-07-08 13:54:27 INFO  TestBase:49 - Test name: TokiyomasterTest
2020-07-08 13:54:31 INFO  TestBase:63 - Executed test case name:TokiyomasterTest Execution Results : [TestResult name=TokiyomasterTest status=SUCCESS method=PlantTest.TokiyomasterTest(java.lang.String, java.lang.String, java.lang.String, java.lang.String, java.lang.String, java.lang.String)[pri:1, instance:com.test.qa.plant.PlantTest@51cdd8a] output={null}]
2020-07-08 13:54:31 INFO  TestBase:25 - Initiate Browser
2020-07-08 13:54:47 INFO  TestBase:32 - Browser Initiated
2020-07-08 13:54:47 INFO  TestBase:37 - successful Login
2020-07-08 13:54:47 INFO  TestBase:49 - Test name: TokiyomasterTest
2020-07-08 13:54:52 INFO  TestBase:63 - Executed test case name:TokiyomasterTest Execution Results : [TestResult name=TokiyomasterTest status=SUCCESS method=PlantTest.TokiyomasterTest(java.lang.String, java.lang.String, java.lang.String, java.lang.String, java.lang.String, java.lang.String)[pri:1, instance:com.test.qa.plant.PlantTest@51cdd8a] output={null}]
2020-07-08 13:54:52 INFO  TestBase:25 - Initiate Browser
2020-07-08 13:55:06 INFO  TestBase:32 - Browser Initiated
2020-07-08 13:55:07 INFO  TestBase:37 - successful Login
2020-07-08 13:55:07 INFO  TestBase:49 - Test name: TokiyomasterTest
2020-07-08 13:55:12 INFO  TestBase:63 - Executed test case name:TokiyomasterTest Execution Results : [TestResult name=TokiyomasterTest status=SUCCESS method=PlantTest.TokiyomasterTest(java.lang.String, java.lang.String, java.lang.String, java.lang.String, java.lang.String, java.lang.String)[pri:1, instance:com.test.qa.plant.PlantTest@51cdd8a] output={null}]
2020-07-08 13:55:12 INFO  TestBase:54 - Closing Browser
2020-07-08 13:55:12 INFO  TestBase:58 - Browser Closed
2020-07-08 15:02:44 INFO  TestBase:25 - Initiate Browser
2020-07-08 15:02:59 INFO  TestBase:32 - Browser Initiated
2020-07-08 15:03:00 INFO  TestBase:37 - successful Login
2020-07-08 15:03:00 INFO  TestBase:49 - Test name: equipmentSmokeTest
2020-07-08 15:03:49 INFO  TestBase:63 - Executed test case name:equipmentSmokeTest Execution Results : [TestResult name=equipmentSmokeTest status=FAILURE method=EqupmentTest.equipmentSmokeTest()[pri:1, instance:com.test.qa.equipment.EqupmentTest@26aa12dd] output={null}]
2020-07-08 15:03:49 INFO  TestBase:54 - Closing Browser
2020-07-08 15:03:49 INFO  TestBase:58 - Browser Closed
2020-07-08 15:03:57 INFO  TestBase:25 - Initiate Browser
2020-07-08 15:04:12 INFO  TestBase:32 - Browser Initiated
2020-07-08 15:04:13 INFO  TestBase:37 - successful Login
2020-07-08 15:04:13 INFO  TestBase:49 - Test name: equipmentSmokeTest
2020-07-08 15:07:07 INFO  TestBase:25 - Initiate Browser
2020-07-08 15:07:27 INFO  TestBase:32 - Browser Initiated
2020-07-08 15:07:27 INFO  TestBase:37 - successful Login
2020-07-08 15:07:27 INFO  TestBase:49 - Test name: equipmentSmokeTest
2020-07-08 15:24:47 INFO  TestBase:63 - Executed test case name:equipmentSmokeTest Execution Results : [TestResult name=equipmentSmokeTest status=FAILURE method=EqupmentTest.equipmentSmokeTest()[pri:1, instance:com.test.qa.equipment.EqupmentTest@26aa12dd] output={null}]
2020-07-08 15:24:47 INFO  TestBase:54 - Closing Browser
2020-07-08 15:24:47 INFO  TestBase:58 - Browser Closed
2020-07-08 15:33:44 INFO  TestBase:25 - Initiate Browser
2020-07-08 15:34:00 INFO  TestBase:32 - Browser Initiated
2020-07-08 15:34:01 INFO  TestBase:37 - successful Login
2020-07-08 15:34:01 INFO  TestBase:49 - Test name: equipmentSmokeTest
2020-07-08 15:53:37 INFO  TestBase:25 - Initiate Browser
2020-07-08 15:53:53 INFO  TestBase:32 - Browser Initiated
2020-07-08 15:53:53 INFO  TestBase:37 - successful Login
2020-07-08 15:53:53 INFO  TestBase:49 - Test name: plantequipmentSmokeTest
2020-07-08 15:57:22 INFO  TestBase:25 - Initiate Browser
2020-07-08 15:57:37 INFO  TestBase:32 - Browser Initiated
2020-07-08 15:57:38 INFO  TestBase:37 - successful Login
2020-07-08 15:57:38 INFO  TestBase:49 - Test name: plantequipmentSmokeTest
2020-07-15 12:50:20 INFO  TestBase:25 - Initiate Browser
2020-07-15 12:50:34 INFO  TestBase:32 - Browser Initiated
2020-07-15 12:50:34 INFO  TestBase:37 - successful Login
2020-07-15 12:50:34 INFO  TestBase:49 - Test name: PlantSmokeTest
2020-07-15 12:50:37 INFO  TestBase:61 - Executed test case name:PlantSmokeTest Execution Results : [TestResult name=PlantSmokeTest status=SUCCESS method=PlantTest.PlantSmokeTest()[pri:1, instance:master.plant.PlantTest@7f13d6e] output={null}]
2020-07-15 13:38:14 INFO  TestBase:25 - Initiate Browser
2020-07-15 13:38:28 INFO  TestBase:32 - Browser Initiated
2020-07-15 13:38:29 INFO  TestBase:37 - successful Login
2020-07-15 13:38:29 INFO  TestBase:49 - Test name: PlantSmokeTest
2020-07-15 13:38:33 INFO  TestBase:61 - Executed test case name:PlantSmokeTest Execution Results : [TestResult name=PlantSmokeTest status=FAILURE method=PlantTest.PlantSmokeTest()[pri:1, instance:master.plant.PlantTest@23faf8f2] output={null}]
2020-07-15 14:48:20 INFO  TestBase:25 - Initiate Browser
2020-07-15 14:48:56 INFO  TestBase:32 - Browser Initiated
2020-07-15 14:48:57 INFO  TestBase:37 - successful Login
2020-07-15 14:48:57 INFO  TestBase:49 - Test name: PlantSmokeTest
2020-07-15 14:49:03 INFO  TestBase:61 - Executed test case name:PlantSmokeTest Execution Results : [TestResult name=PlantSmokeTest status=SUCCESS method=PlantTest.PlantSmokeTest()[pri:1, instance:master.plant.PlantTest@7f13d6e] output={null}]
2020-07-15 14:57:05 INFO  TestBase:25 - Initiate Browser
2020-07-15 14:57:20 INFO  TestBase:32 - Browser Initiated
2020-07-15 14:57:20 INFO  TestBase:37 - successful Login
2020-07-15 14:57:20 INFO  TestBase:49 - Test name: PlantSmokeTest
2020-07-15 14:58:22 INFO  TestBase:25 - Initiate Browser
2020-07-15 14:58:41 INFO  TestBase:32 - Browser Initiated
2020-07-15 14:58:41 INFO  TestBase:37 - successful Login
2020-07-15 14:58:41 INFO  TestBase:49 - Test name: PlantSmokeTest
2020-07-15 14:59:17 INFO  TestBase:25 - Initiate Browser
2020-07-15 14:59:33 INFO  TestBase:32 - Browser Initiated
2020-07-15 14:59:33 INFO  TestBase:37 - successful Login
2020-07-15 14:59:33 INFO  TestBase:49 - Test name: PlantSmokeTest
2020-07-15 14:59:38 INFO  TestBase:61 - Executed test case name:PlantSmokeTest Execution Results : [TestResult name=PlantSmokeTest status=FAILURE method=PlantTest.PlantSmokeTest()[pri:1, instance:master.plant.PlantTest@23faf8f2] output={null}]
2020-07-15 15:04:25 INFO  TestBase:25 - Initiate Browser
2020-07-15 15:04:41 INFO  TestBase:32 - Browser Initiated
2020-07-15 15:04:41 INFO  TestBase:37 - successful Login
2020-07-15 15:04:41 INFO  TestBase:49 - Test name: PlantSmokeTest
2020-07-15 15:05:52 INFO  TestBase:25 - Initiate Browser
2020-07-15 15:06:07 INFO  TestBase:32 - Browser Initiated
2020-07-15 15:06:07 INFO  TestBase:37 - successful Login
2020-07-15 15:06:07 INFO  TestBase:49 - Test name: PlantSmokeTest
2020-07-15 15:22:33 INFO  TestBase:61 - Executed test case name:PlantSmokeTest Execution Results : [TestResult name=PlantSmokeTest status=FAILURE method=PlantTest.PlantSmokeTest()[pri:1, instance:master.plant.PlantTest@7f13d6e] output={null}]
2020-07-15 16:16:17 INFO  TestBase:25 - Initiate Browser
2020-07-15 16:16:37 INFO  TestBase:32 - Browser Initiated
2020-07-15 16:16:37 INFO  TestBase:37 - successful Login
2020-07-15 16:16:37 INFO  TestBase:49 - Test name: PlantSmokeTest
2020-07-15 16:16:40 INFO  TestBase:61 - Executed test case name:PlantSmokeTest Execution Results : [TestResult name=PlantSmokeTest status=SUCCESS method=PlantTest.PlantSmokeTest()[pri:1, instance:master.plant.PlantTest@23faf8f2] output={null}]
2020-07-17 11:33:53 INFO  TestBase:25 - Initiate Browser
2020-07-17 11:34:29 INFO  TestBase:32 - Browser Initiated
2020-07-17 11:34:30 INFO  TestBase:37 - successful Login
2020-07-17 11:34:30 INFO  TestBase:49 - Test name: PlantSmokeTest
2020-07-17 11:34:33 INFO  TestBase:61 - Executed test case name:PlantSmokeTest Execution Results : [TestResult name=PlantSmokeTest status=SUCCESS method=PlantTest.PlantSmokeTest()[pri:1, instance:master.plant.PlantTest@15d9bc04] output={null}]
2020-07-17 11:34:33 INFO  TestBase:25 - Initiate Browser
2020-07-17 11:34:57 INFO  TestBase:32 - Browser Initiated
2020-07-17 11:34:58 INFO  TestBase:37 - successful Login
2020-07-17 11:34:58 INFO  TestBase:49 - Test name: employeeSmokeTest
2020-07-17 11:35:11 INFO  TestBase:61 - Executed test case name:employeeSmokeTest Execution Results : [TestResult name=employeeSmokeTest status=SUCCESS method=EmployeeTest.employeeSmokeTest()[pri:1, instance:master.employee.EmployeeTest@551bdc27] output={null}]
2020-07-17 11:35:11 INFO  TestBase:25 - Initiate Browser
2020-07-17 11:35:39 INFO  TestBase:32 - Browser Initiated
2020-07-17 11:35:40 INFO  TestBase:37 - successful Login
2020-07-17 11:35:40 INFO  TestBase:49 - Test name: equipment
2020-07-17 11:37:25 INFO  TestBase:25 - Initiate Browser
2020-07-17 11:38:05 INFO  TestBase:32 - Browser Initiated
2020-07-17 11:38:05 INFO  TestBase:37 - successful Login
2020-07-17 11:38:05 INFO  TestBase:49 - Test name: PlantSmokeTest
2020-07-17 11:38:10 INFO  TestBase:61 - Executed test case name:PlantSmokeTest Execution Results : [TestResult name=PlantSmokeTest status=SUCCESS method=PlantTest.PlantSmokeTest()[pri:1, instance:master.plant.PlantTest@15d9bc04] output={null}]
2020-07-17 11:38:10 INFO  TestBase:25 - Initiate Browser
2020-07-17 11:38:49 INFO  TestBase:32 - Browser Initiated
2020-07-17 11:38:50 INFO  TestBase:37 - successful Login
2020-07-17 11:38:50 INFO  TestBase:49 - Test name: employeeSmokeTest
2020-07-17 11:39:19 INFO  TestBase:61 - Executed test case name:employeeSmokeTest Execution Results : [TestResult name=employeeSmokeTest status=SUCCESS method=EmployeeTest.employeeSmokeTest()[pri:1, instance:master.employee.EmployeeTest@551bdc27] output={null}]
2020-07-17 11:39:19 INFO  TestBase:25 - Initiate Browser
2020-07-17 11:39:56 INFO  TestBase:32 - Browser Initiated
2020-07-17 11:39:57 INFO  TestBase:37 - successful Login
2020-07-17 11:39:57 INFO  TestBase:49 - Test name: equipment
2020-07-17 11:40:22 INFO  TestBase:61 - Executed test case name:equipment Execution Results : [TestResult name=equipment status=SUCCESS method=EquipmentTest.equipment()[pri:1, instance:master.equipment.EquipmentTest@797badd3] output={null}]
2020-07-17 11:40:22 INFO  TestBase:25 - Initiate Browser
2020-07-17 11:40:51 INFO  TestBase:32 - Browser Initiated
2020-07-17 11:40:51 INFO  TestBase:37 - successful Login
2020-07-17 11:40:51 INFO  TestBase:49 - Test name: plantequipmentSmokeTest
2020-07-17 16:50:06 INFO  TestBase:25 - Initiate Browser
2020-07-17 16:50:21 INFO  TestBase:32 - Browser Initiated
2020-07-17 16:50:22 INFO  TestBase:37 - successful Login
2020-07-17 16:50:22 INFO  TestBase:49 - Test name: FinishProductSample
2020-07-17 16:50:48 INFO  TestBase:61 - Executed test case name:FinishProductSample Execution Results : [TestResult name=FinishProductSample status=SUCCESS method=FinishProductSample.FinishProductSample()[pri:1, instance:samples.FinishProductSample@131276c2] output={null}]
2020-07-17 16:51:08 INFO  TestBase:25 - Initiate Browser
2020-07-17 16:51:25 INFO  TestBase:32 - Browser Initiated
2020-07-17 16:51:25 INFO  TestBase:37 - successful Login
2020-07-17 16:51:25 INFO  TestBase:49 - Test name: SampleIssue
2020-07-17 16:51:43 INFO  TestBase:61 - Executed test case name:SampleIssue Execution Results : [TestResult name=SampleIssue status=SUCCESS method=FinishProductSampleIssue.SampleIssue()[pri:0, instance:samples.FinishProductSampleIssue@711f39f9] output={null}]
